Using pre-set license
Built from '2020.2/staging' branch; Version is '2020.2.3f1 (8ff31bc5bf5b) revision 9433883'; Using compiler version '192528614'; Build Type 'Release'
OS: 'Windows 10 Home Single Language; OS build 18363.1379; Version 1909; 64bit' Language: 'es' Physical Memory: 11164 MB
BatchMode: 1, IsHumanControllingUs: 0, StartBugReporterOnCrash: 0, Is64bit: 1, IsPro: 0

 COMMAND LINE ARGUMENTS:
C:\Program Files\Unity\Hub\Editor\2020.2.3f1\Editor\Unity.exe
-adb2
-batchMode
-noUpm
-name
AssetImportWorker0
-projectPath
D:/Unity projects/Cars
-logFile
Logs/AssetImportWorker0.log
-srvPort
16027
Successfully changed project path to: D:/Unity projects/Cars
D:/Unity projects/Cars
Using Asset Import Pipeline V2.
Refreshing native plugins compatible for Editor in 75.15 ms, found 0 plugins.
Preloading 0 native plugins for Editor in 0.00 ms.
Initialize engine version: 2020.2.3f1 (8ff31bc5bf5b)
[Subsystems] Discovering subsystems at path C:/Program Files/Unity/Hub/Editor/2020.2.3f1/Editor/Data/Resources/UnitySubsystems
[Subsystems] Discovering subsystems at path D:/Unity projects/Cars/Assets
GfxDevice: creating device client; threaded=0
Direct3D:
    Version:  Direct3D 11.0 [level 11.1]
    Renderer: AMD Radeon(TM) Vega 8 Graphics (ID=0x15dd)
    Vendor:   
    VRAM:     5582 MB
    Driver:   27.20.12033.1007
Initialize mono
Mono path[0] = 'C:/Program Files/Unity/Hub/Editor/2020.2.3f1/Editor/Data/Managed'
Mono path[1] = 'C:/Program Files/Unity/Hub/Editor/2020.2.3f1/Editor/Data/MonoBleedingEdge/lib/mono/unityjit'
Mono config path = 'C:/Program Files/Unity/Hub/Editor/2020.2.3f1/Editor/Data/MonoBleedingEdge/etc'
Using monoOptions --debugger-agent=transport=dt_socket,embedding=1,server=y,suspend=n,address=127.0.0.1:56544
Begin MonoManager ReloadAssembly
Registering precompiled unity dll's ...
Register platform support module: C:/Program Files/Unity/Hub/Editor/2020.2.3f1/Editor/Data/PlaybackEngines/WindowsStandaloneSupport/UnityEditor.WindowsStandalone.Extensions.dll
Registered in 0.018326 seconds.
Native extension for WindowsStandalone target not found
Refreshing native plugins compatible for Editor in 77.18 ms, found 0 plugins.
Preloading 0 native plugins for Editor in 0.00 ms.
Invoked RoslynAnalysisRunner static constructor.
RoslynAnalysisRunner will not be running.
RoslynAnalysisRunner has terminated.
Mono: successfully reloaded assembly
- Completed reload, in  6.280 seconds
Platform modules already initialized, skipping
Registering precompiled user dll's ...
Registered in 0.012473 seconds.
Begin MonoManager ReloadAssembly
Native extension for WindowsStandalone target not found
Refreshing native plugins compatible for Editor in 0.89 ms, found 0 plugins.
Preloading 0 native plugins for Editor in 0.00 ms.
Invoked RoslynAnalysisRunner static constructor.
RoslynAnalysisRunner will not be running.
RoslynAnalysisRunner has terminated.
Mono: successfully reloaded assembly
- Completed reload, in  3.565 seconds
Platform modules already initialized, skipping
========================================================================
Worker process is ready to serve import requests
Launched and connected shader compiler UnityShaderCompiler.exe after 0.20 seconds
Refreshing native plugins compatible for Editor in 0.58 ms, found 0 plugins.
Preloading 0 native plugins for Editor in 0.00 ms.
Unloading 1119 Unused Serialized files (Serialized files now loaded: 0)
System memory in use before: 69.2 MB.
System memory in use after: 69.3 MB.

Unloading 16 unused Assets to reduce memory usage. Loaded Objects now: 1577.
Total: 4.354800 ms (FindLiveObjects: 0.273100 ms CreateObjectMapping: 0.083700 ms MarkObjects: 3.764100 ms  DeleteObjects: 0.231000 ms)

========================================================================
Received Import Request.
  path: Assets/Challenge 1/Scripts/Elice.cs
  artifactKey: Guid(27ddf03b2bbddf04a8be465de2a68614) Importer(815301076,1909f56bfc062723c751e8b465ee728b)
Start importing Assets/Challenge 1/Scripts/Elice.cs using Guid(27ddf03b2bbddf04a8be465de2a68614) Importer(815301076,1909f56bfc062723c751e8b465ee728b)  -> (artifact id: 'aed74ce704b825b4f351c17d568e0d8d') in 0.137313 seconds
  Import took 0.141805 seconds .

========================================================================
Received Prepare
Registering precompiled user dll's ...
Registered in 0.011395 seconds.
Begin MonoManager ReloadAssembly
Native extension for WindowsStandalone target not found
Refreshing native plugins compatible for Editor in 0.94 ms, found 0 plugins.
Preloading 0 native plugins for Editor in 0.00 ms.
Invoked RoslynAnalysisRunner static constructor.
RoslynAnalysisRunner will not be running.
RoslynAnalysisRunner has terminated.
Mono: successfully reloaded assembly
- Completed reload, in  2.649 seconds
Platform modules already initialized, skipping
Refreshing native plugins compatible for Editor in 0.58 ms, found 0 plugins.
Preloading 0 native plugins for Editor in 0.00 ms.
Unloading 1113 Unused Serialized files (Serialized files now loaded: 0)
System memory in use before: 69.2 MB.
System memory in use after: 69.3 MB.

Unloading 11 unused Assets to reduce memory usage. Loaded Objects now: 1579.
Total: 4.954400 ms (FindLiveObjects: 0.378300 ms CreateObjectMapping: 0.099500 ms MarkObjects: 4.314400 ms  DeleteObjects: 0.159600 ms)

========================================================================
Received Import Request.
  Time since last request: 207.984422 seconds.
  path: Assets/Challenge 1/Scripts/Elice.cs
  artifactKey: Guid(27ddf03b2bbddf04a8be465de2a68614) Importer(815301076,1909f56bfc062723c751e8b465ee728b)
Start importing Assets/Challenge 1/Scripts/Elice.cs using Guid(27ddf03b2bbddf04a8be465de2a68614) Importer(815301076,1909f56bfc062723c751e8b465ee728b)  -> (artifact id: 'efe352b03500f65c4abe26a020c3b738') in 0.013628 seconds
  Import took 0.018383 seconds .

========================================================================
Received Prepare
Registering precompiled user dll's ...
Registered in 0.011214 seconds.
Begin MonoManager ReloadAssembly
Native extension for WindowsStandalone target not found
Refreshing native plugins compatible for Editor in 0.99 ms, found 0 plugins.
Preloading 0 native plugins for Editor in 0.00 ms.
Invoked RoslynAnalysisRunner static constructor.
RoslynAnalysisRunner will not be running.
RoslynAnalysisRunner has terminated.
Mono: successfully reloaded assembly
- Completed reload, in  2.610 seconds
Platform modules already initialized, skipping
Refreshing native plugins compatible for Editor in 0.58 ms, found 0 plugins.
Preloading 0 native plugins for Editor in 0.00 ms.
Unloading 1113 Unused Serialized files (Serialized files now loaded: 0)
System memory in use before: 69.3 MB.
System memory in use after: 69.3 MB.

Unloading 11 unused Assets to reduce memory usage. Loaded Objects now: 1581.
Total: 3.318400 ms (FindLiveObjects: 0.261200 ms CreateObjectMapping: 0.059100 ms MarkObjects: 2.846700 ms  DeleteObjects: 0.149000 ms)

========================================================================
Received Prepare
Registering precompiled user dll's ...
Registered in 0.009771 seconds.
Begin MonoManager ReloadAssembly
Native extension for WindowsStandalone target not found
Refreshing native plugins compatible for Editor in 0.56 ms, found 0 plugins.
Preloading 0 native plugins for Editor in 0.00 ms.
Invoked RoslynAnalysisRunner static constructor.
RoslynAnalysisRunner will not be running.
RoslynAnalysisRunner has terminated.
Mono: successfully reloaded assembly
- Completed reload, in  2.695 seconds
Platform modules already initialized, skipping
Refreshing native plugins compatible for Editor in 0.86 ms, found 0 plugins.
Preloading 0 native plugins for Editor in 0.00 ms.
Unloading 1113 Unused Serialized files (Serialized files now loaded: 0)
System memory in use before: 69.3 MB.
System memory in use after: 69.3 MB.

Unloading 11 unused Assets to reduce memory usage. Loaded Objects now: 1583.
Total: 3.588100 ms (FindLiveObjects: 0.348200 ms CreateObjectMapping: 0.085100 ms MarkObjects: 2.995800 ms  DeleteObjects: 0.156200 ms)

========================================================================
Received Prepare
Registering precompiled user dll's ...
Registered in 0.010783 seconds.
Begin MonoManager ReloadAssembly
Native extension for WindowsStandalone target not found
Refreshing native plugins compatible for Editor in 0.58 ms, found 0 plugins.
Preloading 0 native plugins for Editor in 0.00 ms.
Invoked RoslynAnalysisRunner static constructor.
RoslynAnalysisRunner will not be running.
RoslynAnalysisRunner has terminated.
Mono: successfully reloaded assembly
- Completed reload, in  2.634 seconds
Platform modules already initialized, skipping
Refreshing native plugins compatible for Editor in 0.57 ms, found 0 plugins.
Preloading 0 native plugins for Editor in 0.00 ms.
Unloading 1113 Unused Serialized files (Serialized files now loaded: 0)
System memory in use before: 69.3 MB.
System memory in use after: 69.3 MB.

Unloading 11 unused Assets to reduce memory usage. Loaded Objects now: 1585.
Total: 3.587500 ms (FindLiveObjects: 0.337000 ms CreateObjectMapping: 0.058400 ms MarkObjects: 3.036600 ms  DeleteObjects: 0.152700 ms)

========================================================================
Received Prepare
Registering precompiled user dll's ...
Registered in 0.012407 seconds.
Begin MonoManager ReloadAssembly
Native extension for WindowsStandalone target not found
Refreshing native plugins compatible for Editor in 0.85 ms, found 0 plugins.
Preloading 0 native plugins for Editor in 0.00 ms.
Invoked RoslynAnalysisRunner static constructor.
RoslynAnalysisRunner will not be running.
RoslynAnalysisRunner has terminated.
Mono: successfully reloaded assembly
- Completed reload, in  2.722 seconds
Platform modules already initialized, skipping
Refreshing native plugins compatible for Editor in 0.56 ms, found 0 plugins.
Preloading 0 native plugins for Editor in 0.00 ms.
Unloading 1113 Unused Serialized files (Serialized files now loaded: 0)
System memory in use before: 69.3 MB.
System memory in use after: 69.4 MB.

Unloading 11 unused Assets to reduce memory usage. Loaded Objects now: 1587.
Total: 3.752100 ms (FindLiveObjects: 0.273300 ms CreateObjectMapping: 0.058200 ms MarkObjects: 3.250200 ms  DeleteObjects: 0.168200 ms)

========================================================================
Received Prepare
Registering precompiled user dll's ...
Registered in 0.010307 seconds.
Begin MonoManager ReloadAssembly
Native extension for WindowsStandalone target not found
Refreshing native plugins compatible for Editor in 1.02 ms, found 0 plugins.
Preloading 0 native plugins for Editor in 0.00 ms.
Invoked RoslynAnalysisRunner static constructor.
RoslynAnalysisRunner will not be running.
RoslynAnalysisRunner has terminated.
Mono: successfully reloaded assembly
- Completed reload, in  2.533 seconds
Platform modules already initialized, skipping
Refreshing native plugins compatible for Editor in 0.55 ms, found 0 plugins.
Preloading 0 native plugins for Editor in 0.00 ms.
Unloading 1113 Unused Serialized files (Serialized files now loaded: 0)
System memory in use before: 69.3 MB.
System memory in use after: 69.4 MB.

Unloading 11 unused Assets to reduce memory usage. Loaded Objects now: 1589.
Total: 3.964900 ms (FindLiveObjects: 0.277600 ms CreateObjectMapping: 0.061800 ms MarkObjects: 3.453300 ms  DeleteObjects: 0.169200 ms)

========================================================================
Received Prepare
Registering precompiled user dll's ...
Registered in 0.010253 seconds.
Begin MonoManager ReloadAssembly
Native extension for WindowsStandalone target not found
Refreshing native plugins compatible for Editor in 0.60 ms, found 0 plugins.
Preloading 0 native plugins for Editor in 0.00 ms.
Invoked RoslynAnalysisRunner static constructor.
RoslynAnalysisRunner will not be running.
RoslynAnalysisRunner has terminated.
Mono: successfully reloaded assembly
- Completed reload, in  2.488 seconds
Platform modules already initialized, skipping
Refreshing native plugins compatible for Editor in 0.64 ms, found 0 plugins.
Preloading 0 native plugins for Editor in 0.00 ms.
Unloading 1113 Unused Serialized files (Serialized files now loaded: 0)
System memory in use before: 69.3 MB.
System memory in use after: 69.4 MB.

Unloading 11 unused Assets to reduce memory usage. Loaded Objects now: 1591.
Total: 3.704700 ms (FindLiveObjects: 0.313500 ms CreateObjectMapping: 0.175800 ms MarkObjects: 3.054700 ms  DeleteObjects: 0.158100 ms)

========================================================================
Received Prepare
Registering precompiled user dll's ...
Registered in 0.010836 seconds.
Begin MonoManager ReloadAssembly
Native extension for WindowsStandalone target not found
Refreshing native plugins compatible for Editor in 0.67 ms, found 0 plugins.
Preloading 0 native plugins for Editor in 0.00 ms.
Invoked RoslynAnalysisRunner static constructor.
RoslynAnalysisRunner will not be running.
RoslynAnalysisRunner has terminated.
Mono: successfully reloaded assembly
- Completed reload, in  2.702 seconds
Platform modules already initialized, skipping
Refreshing native plugins compatible for Editor in 0.87 ms, found 0 plugins.
Preloading 0 native plugins for Editor in 0.00 ms.
Unloading 1113 Unused Serialized files (Serialized files now loaded: 0)
System memory in use before: 69.3 MB.
System memory in use after: 69.4 MB.

Unloading 11 unused Assets to reduce memory usage. Loaded Objects now: 1593.
Total: 5.486600 ms (FindLiveObjects: 0.322800 ms CreateObjectMapping: 0.065800 ms MarkObjects: 4.903200 ms  DeleteObjects: 0.190100 ms)

========================================================================
Received Import Request.
  Time since last request: 1272.389855 seconds.
  path: Assets/Challenge 1/Instructions
  artifactKey: Guid(05534b528de7845f0917a1c820f252e2) Importer(815301076,1909f56bfc062723c751e8b465ee728b)
Start importing Assets/Challenge 1/Instructions using Guid(05534b528de7845f0917a1c820f252e2) Importer(815301076,1909f56bfc062723c751e8b465ee728b)  -> (artifact id: '1c2af11a79ca60aa9ead8b67ebdb336b') in 0.022169 seconds
  Import took 0.047962 seconds .

========================================================================
Received Import Request.
  Time since last request: 0.012285 seconds.
  path: Assets/Challenge 1/Instructions/Challenge 1 - Outcome.mov
  artifactKey: Guid(45695763e74194cd2bc573ea63492ff5) Importer(815301076,1909f56bfc062723c751e8b465ee728b)
Start importing Assets/Challenge 1/Instructions/Challenge 1 - Outcome.mov using Guid(45695763e74194cd2bc573ea63492ff5) Importer(815301076,1909f56bfc062723c751e8b465ee728b)  -> (artifact id: '0acb94282977a7876efad0810a486ca2') in 0.253143 seconds
  Import took 0.258569 seconds .

========================================================================
Received Import Request.
  Time since last request: 42.171931 seconds.
  path: Assets/Challenge 1/_Source_Files
  artifactKey: Guid(ab37f46732fae4a0fb02712a6d036f7c) Importer(815301076,1909f56bfc062723c751e8b465ee728b)
Start importing Assets/Challenge 1/_Source_Files using Guid(ab37f46732fae4a0fb02712a6d036f7c) Importer(815301076,1909f56bfc062723c751e8b465ee728b)  -> (artifact id: 'c654859fb0bc92f90373d2019b17e1a3') in 0.013739 seconds
  Import took 0.048224 seconds .

========================================================================
Received Import Request.
  Time since last request: 3.007765 seconds.
  path: Assets/Challenge 1/_Source_Files/Materials
  artifactKey: Guid(b787d51e07aaf4afa8847af48e71e8a4) Importer(815301076,1909f56bfc062723c751e8b465ee728b)
Start importing Assets/Challenge 1/_Source_Files/Materials using Guid(b787d51e07aaf4afa8847af48e71e8a4) Importer(815301076,1909f56bfc062723c751e8b465ee728b)  -> (artifact id: 'cc11f8db17bbfe7e24acc17a2545ee60') in 0.010437 seconds
  Import took 0.042813 seconds .

========================================================================
Received Import Request.
  Time since last request: 0.071833 seconds.
  path: Assets/Challenge 1/_Source_Files/Materials/Black.mat
  artifactKey: Guid(c760c8eaaf67f4037a460bbfeb33ced4) Importer(815301076,1909f56bfc062723c751e8b465ee728b)
Start importing Assets/Challenge 1/_Source_Files/Materials/Black.mat using Guid(c760c8eaaf67f4037a460bbfeb33ced4) Importer(815301076,1909f56bfc062723c751e8b465ee728b)  -> (artifact id: '169d68b696db08d944ce9d99ab7da13f') in 0.461266 seconds
  Import took 0.492591 seconds .

========================================================================
Received Import Request.
  Time since last request: 0.000544 seconds.
  path: Assets/Challenge 1/_Source_Files/Materials/Grey.mat
  artifactKey: Guid(2afe453b8a24544b39ee349f8a0d0899) Importer(815301076,1909f56bfc062723c751e8b465ee728b)
Start importing Assets/Challenge 1/_Source_Files/Materials/Grey.mat using Guid(2afe453b8a24544b39ee349f8a0d0899) Importer(815301076,1909f56bfc062723c751e8b465ee728b)  -> (artifact id: '3ecff39bc7f150f134c4d7aa32960536') in 0.053048 seconds
  Import took 0.078688 seconds .

========================================================================
Received Import Request.
  Time since last request: 0.000677 seconds.
  path: Assets/Challenge 1/_Source_Files/Materials/Red.mat
  artifactKey: Guid(e29557c53f06e405dbe7bf4eeece5a24) Importer(815301076,1909f56bfc062723c751e8b465ee728b)
Start importing Assets/Challenge 1/_Source_Files/Materials/Red.mat using Guid(e29557c53f06e405dbe7bf4eeece5a24) Importer(815301076,1909f56bfc062723c751e8b465ee728b)  -> (artifact id: '7c34fe0374f07a4b7b7e915e33d26a62') in 0.034140 seconds
  Import took 0.115939 seconds .

========================================================================
Received Import Request.
  Time since last request: 0.000740 seconds.
  path: Assets/Challenge 1/_Source_Files/Materials/Grey.mat
  artifactKey: Guid(2afe453b8a24544b39ee349f8a0d0899) Importer(815301076,1909f56bfc062723c751e8b465ee728b)
Start importing Assets/Challenge 1/_Source_Files/Materials/Grey.mat using Guid(2afe453b8a24544b39ee349f8a0d0899) Importer(815301076,1909f56bfc062723c751e8b465ee728b)  -> (artifact id: '3ecff39bc7f150f134c4d7aa32960536') in 0.025143 seconds
  Import took 0.030303 seconds .

========================================================================
Received Import Request.
  Time since last request: 1354.852831 seconds.
  path: Assets/Scripts/FollowPlayer.cs
  artifactKey: Guid(f2773806c13a2df4cbff2872e08f0509) Importer(815301076,1909f56bfc062723c751e8b465ee728b)
Start importing Assets/Scripts/FollowPlayer.cs using Guid(f2773806c13a2df4cbff2872e08f0509) Importer(815301076,1909f56bfc062723c751e8b465ee728b)  -> (artifact id: '2e32f7e264e0e4e557ad11f5c3b7037d') in 0.039817 seconds
  Import took 0.069827 seconds .

========================================================================
Received Prepare
Registering precompiled user dll's ...
Registered in 0.005695 seconds.
Begin MonoManager ReloadAssembly
Native extension for WindowsStandalone target not found
Refreshing native plugins compatible for Editor in 0.35 ms, found 0 plugins.
Preloading 0 native plugins for Editor in 0.00 ms.
Invoked RoslynAnalysisRunner static constructor.
RoslynAnalysisRunner will not be running.
RoslynAnalysisRunner has terminated.
Mono: successfully reloaded assembly
- Completed reload, in  1.410 seconds
Platform modules already initialized, skipping
Refreshing native plugins compatible for Editor in 0.36 ms, found 0 plugins.
Preloading 0 native plugins for Editor in 0.00 ms.
Unloading 1113 Unused Serialized files (Serialized files now loaded: 0)
System memory in use before: 72.6 MB.
System memory in use after: 72.7 MB.

Unloading 11 unused Assets to reduce memory usage. Loaded Objects now: 1635.
Total: 2.661400 ms (FindLiveObjects: 0.314700 ms CreateObjectMapping: 0.069500 ms MarkObjects: 2.164700 ms  DeleteObjects: 0.110500 ms)

========================================================================
Received Import Request.
  Time since last request: 411.196543 seconds.
  path: Assets/Scripts/FollowPlayer.cs
  artifactKey: Guid(f2773806c13a2df4cbff2872e08f0509) Importer(815301076,1909f56bfc062723c751e8b465ee728b)
Start importing Assets/Scripts/FollowPlayer.cs using Guid(f2773806c13a2df4cbff2872e08f0509) Importer(815301076,1909f56bfc062723c751e8b465ee728b)  -> (artifact id: '9420d43fd7b89d70233bc950012073e0') in 0.007651 seconds
  Import took 0.036933 seconds .

========================================================================
Received Prepare
Registering precompiled user dll's ...
Registered in 0.005122 seconds.
Begin MonoManager ReloadAssembly
Native extension for WindowsStandalone target not found
Refreshing native plugins compatible for Editor in 0.43 ms, found 0 plugins.
Preloading 0 native plugins for Editor in 0.00 ms.
Invoked RoslynAnalysisRunner static constructor.
RoslynAnalysisRunner will not be running.
RoslynAnalysisRunner has terminated.
Mono: successfully reloaded assembly
- Completed reload, in  1.624 seconds
Platform modules already initialized, skipping
Refreshing native plugins compatible for Editor in 0.45 ms, found 0 plugins.
Preloading 0 native plugins for Editor in 0.00 ms.
Unloading 1113 Unused Serialized files (Serialized files now loaded: 0)
System memory in use before: 72.6 MB.
System memory in use after: 72.7 MB.

Unloading 11 unused Assets to reduce memory usage. Loaded Objects now: 1637.
Total: 2.754800 ms (FindLiveObjects: 0.222500 ms CreateObjectMapping: 0.052200 ms MarkObjects: 2.349800 ms  DeleteObjects: 0.127700 ms)

========================================================================
Received Import Request.
  Time since last request: 911.421304 seconds.
  path: Assets/Scripts/FollowPlayer.cs
  artifactKey: Guid(f2773806c13a2df4cbff2872e08f0509) Importer(815301076,1909f56bfc062723c751e8b465ee728b)
Start importing Assets/Scripts/FollowPlayer.cs using Guid(f2773806c13a2df4cbff2872e08f0509) Importer(815301076,1909f56bfc062723c751e8b465ee728b)  -> (artifact id: '30f23c797baac0e03d897cd96045aca9') in 0.010058 seconds
  Import took 0.014772 seconds .

========================================================================
Received Import Request.
  Time since last request: 2.792391 seconds.
  path: Assets/Scripts/FollowPlayer.cs
  artifactKey: Guid(f2773806c13a2df4cbff2872e08f0509) Importer(815301076,1909f56bfc062723c751e8b465ee728b)
Start importing Assets/Scripts/FollowPlayer.cs using Guid(f2773806c13a2df4cbff2872e08f0509) Importer(815301076,1909f56bfc062723c751e8b465ee728b)  -> (artifact id: '30f23c797baac0e03d897cd96045aca9') in 0.004993 seconds
  Import took 0.008195 seconds .

========================================================================
Received Prepare
Registering precompiled user dll's ...
Registered in 0.005742 seconds.
Begin MonoManager ReloadAssembly
Native extension for WindowsStandalone target not found
Refreshing native plugins compatible for Editor in 0.35 ms, found 0 plugins.
Preloading 0 native plugins for Editor in 0.00 ms.
Invoked RoslynAnalysisRunner static constructor.
RoslynAnalysisRunner will not be running.
RoslynAnalysisRunner has terminated.
Mono: successfully reloaded assembly
- Completed reload, in  1.340 seconds
Platform modules already initialized, skipping
Refreshing native plugins compatible for Editor in 0.39 ms, found 0 plugins.
Preloading 0 native plugins for Editor in 0.00 ms.
Unloading 1113 Unused Serialized files (Serialized files now loaded: 0)
System memory in use before: 72.6 MB.
System memory in use after: 72.7 MB.

Unloading 11 unused Assets to reduce memory usage. Loaded Objects now: 1639.
Total: 2.787400 ms (FindLiveObjects: 0.271400 ms CreateObjectMapping: 0.044500 ms MarkObjects: 2.350500 ms  DeleteObjects: 0.119500 ms)

========================================================================
Received Prepare
Registering precompiled user dll's ...
Registered in 0.006775 seconds.
Begin MonoManager ReloadAssembly
Native extension for WindowsStandalone target not found
Refreshing native plugins compatible for Editor in 0.38 ms, found 0 plugins.
Preloading 0 native plugins for Editor in 0.00 ms.
Invoked RoslynAnalysisRunner static constructor.
RoslynAnalysisRunner will not be running.
RoslynAnalysisRunner has terminated.
Mono: successfully reloaded assembly
- Completed reload, in  1.379 seconds
Platform modules already initialized, skipping
Refreshing native plugins compatible for Editor in 0.35 ms, found 0 plugins.
Preloading 0 native plugins for Editor in 0.00 ms.
Unloading 1113 Unused Serialized files (Serialized files now loaded: 0)
System memory in use before: 72.7 MB.
System memory in use after: 72.7 MB.

Unloading 11 unused Assets to reduce memory usage. Loaded Objects now: 1641.
Total: 2.695800 ms (FindLiveObjects: 0.203200 ms CreateObjectMapping: 0.038800 ms MarkObjects: 2.336600 ms  DeleteObjects: 0.115500 ms)

========================================================================
Received Prepare
Registering precompiled user dll's ...
Registered in 0.007147 seconds.
Begin MonoManager ReloadAssembly
Native extension for WindowsStandalone target not found
Refreshing native plugins compatible for Editor in 0.36 ms, found 0 plugins.
Preloading 0 native plugins for Editor in 0.00 ms.
Invoked RoslynAnalysisRunner static constructor.
RoslynAnalysisRunner will not be running.
RoslynAnalysisRunner has terminated.
Mono: successfully reloaded assembly
- Completed reload, in  1.444 seconds
Platform modules already initialized, skipping
Refreshing native plugins compatible for Editor in 0.34 ms, found 0 plugins.
Preloading 0 native plugins for Editor in 0.00 ms.
Unloading 1113 Unused Serialized files (Serialized files now loaded: 0)
System memory in use before: 72.7 MB.
System memory in use after: 72.7 MB.

Unloading 11 unused Assets to reduce memory usage. Loaded Objects now: 1643.
Total: 2.380500 ms (FindLiveObjects: 0.216200 ms CreateObjectMapping: 0.038100 ms MarkObjects: 2.009000 ms  DeleteObjects: 0.116000 ms)

========================================================================
Received Prepare
Registering precompiled user dll's ...
Registered in 0.007533 seconds.
Begin MonoManager ReloadAssembly
Native extension for WindowsStandalone target not found
Refreshing native plugins compatible for Editor in 0.38 ms, found 0 plugins.
Preloading 0 native plugins for Editor in 0.00 ms.
Invoked RoslynAnalysisRunner static constructor.
RoslynAnalysisRunner will not be running.
RoslynAnalysisRunner has terminated.
Mono: successfully reloaded assembly
- Completed reload, in  1.365 seconds
Platform modules already initialized, skipping
Refreshing native plugins compatible for Editor in 0.35 ms, found 0 plugins.
Preloading 0 native plugins for Editor in 0.00 ms.
Unloading 1113 Unused Serialized files (Serialized files now loaded: 0)
System memory in use before: 72.7 MB.
System memory in use after: 72.7 MB.

Unloading 11 unused Assets to reduce memory usage. Loaded Objects now: 1645.
Total: 2.505300 ms (FindLiveObjects: 0.209600 ms CreateObjectMapping: 0.037700 ms MarkObjects: 2.134700 ms  DeleteObjects: 0.122100 ms)

========================================================================
Received Import Request.
  Time since last request: 288.580886 seconds.
  path: Assets/Scripts/PlayerController.cs
  artifactKey: Guid(63f54eb21dca5e146b9a4ee5e995fd28) Importer(815301076,1909f56bfc062723c751e8b465ee728b)
Start importing Assets/Scripts/PlayerController.cs using Guid(63f54eb21dca5e146b9a4ee5e995fd28) Importer(815301076,1909f56bfc062723c751e8b465ee728b)  -> (artifact id: 'd2b8c6798d0213348fb706d7816dcd38') in 0.008668 seconds
  Import took 0.040985 seconds .

========================================================================
Received Prepare
Registering precompiled user dll's ...
Registered in 0.006914 seconds.
Begin MonoManager ReloadAssembly
Native extension for WindowsStandalone target not found
Refreshing native plugins compatible for Editor in 0.37 ms, found 0 plugins.
Preloading 0 native plugins for Editor in 0.00 ms.
Invoked RoslynAnalysisRunner static constructor.
RoslynAnalysisRunner will not be running.
RoslynAnalysisRunner has terminated.
Mono: successfully reloaded assembly
- Completed reload, in  1.416 seconds
Platform modules already initialized, skipping
Refreshing native plugins compatible for Editor in 0.34 ms, found 0 plugins.
Preloading 0 native plugins for Editor in 0.00 ms.
Unloading 1113 Unused Serialized files (Serialized files now loaded: 0)
System memory in use before: 72.7 MB.
System memory in use after: 72.7 MB.

Unloading 11 unused Assets to reduce memory usage. Loaded Objects now: 1647.
Total: 2.505400 ms (FindLiveObjects: 0.257100 ms CreateObjectMapping: 0.059100 ms MarkObjects: 2.081100 ms  DeleteObjects: 0.106300 ms)

========================================================================
Received Prepare
Registering precompiled user dll's ...
Registered in 0.006581 seconds.
Begin MonoManager ReloadAssembly
Native extension for WindowsStandalone target not found
Refreshing native plugins compatible for Editor in 0.39 ms, found 0 plugins.
Preloading 0 native plugins for Editor in 0.00 ms.
Invoked RoslynAnalysisRunner static constructor.
RoslynAnalysisRunner will not be running.
RoslynAnalysisRunner has terminated.
Mono: successfully reloaded assembly
- Completed reload, in  1.362 seconds
Platform modules already initialized, skipping
Refreshing native plugins compatible for Editor in 0.38 ms, found 0 plugins.
Preloading 0 native plugins for Editor in 0.00 ms.
Unloading 1113 Unused Serialized files (Serialized files now loaded: 0)
System memory in use before: 72.7 MB.
System memory in use after: 72.7 MB.

Unloading 11 unused Assets to reduce memory usage. Loaded Objects now: 1649.
Total: 2.544400 ms (FindLiveObjects: 0.250000 ms CreateObjectMapping: 0.053500 ms MarkObjects: 2.119100 ms  DeleteObjects: 0.119800 ms)

========================================================================
Received Prepare
Registering precompiled user dll's ...
Registered in 0.015783 seconds.
Begin MonoManager ReloadAssembly
Native extension for WindowsStandalone target not found
Refreshing native plugins compatible for Editor in 1.00 ms, found 0 plugins.
Preloading 0 native plugins for Editor in 0.00 ms.
Invoked RoslynAnalysisRunner static constructor.
RoslynAnalysisRunner will not be running.
RoslynAnalysisRunner has terminated.
Mono: successfully reloaded assembly
- Completed reload, in  2.651 seconds
Platform modules already initialized, skipping
Refreshing native plugins compatible for Editor in 0.70 ms, found 0 plugins.
Preloading 0 native plugins for Editor in 0.00 ms.
Unloading 1113 Unused Serialized files (Serialized files now loaded: 0)
System memory in use before: 72.7 MB.
System memory in use after: 72.7 MB.

Unloading 11 unused Assets to reduce memory usage. Loaded Objects now: 1651.
Total: 4.358800 ms (FindLiveObjects: 0.478100 ms CreateObjectMapping: 0.094800 ms MarkObjects: 3.577200 ms  DeleteObjects: 0.205000 ms)

AssetImportWorkerClient::OnTransportError - code=2 error=End of file
