Using pre-set license
Built from '2020.2/staging' branch; Version is '2020.2.3f1 (8ff31bc5bf5b) revision 9433883'; Using compiler version '192528614'; Build Type 'Release'
OS: 'Windows 10 Home Single Language; OS build 18363.1379; Version 1909; 64bit' Language: 'es' Physical Memory: 11164 MB
BatchMode: 1, IsHumanControllingUs: 0, StartBugReporterOnCrash: 0, Is64bit: 1, IsPro: 0

 COMMAND LINE ARGUMENTS:
C:\Program Files\Unity\Hub\Editor\2020.2.3f1\Editor\Unity.exe
-adb2
-batchMode
-noUpm
-name
AssetImportWorker0
-projectPath
D:/Unity projects/curso-unity-2020/05_quickClick
-logFile
Logs/AssetImportWorker0.log
-srvPort
26643
Successfully changed project path to: D:/Unity projects/curso-unity-2020/05_quickClick
D:/Unity projects/curso-unity-2020/05_quickClick
Using Asset Import Pipeline V2.
Refreshing native plugins compatible for Editor in 52.08 ms, found 0 plugins.
Preloading 0 native plugins for Editor in 0.00 ms.
Initialize engine version: 2020.2.3f1 (8ff31bc5bf5b)
[Subsystems] Discovering subsystems at path C:/Program Files/Unity/Hub/Editor/2020.2.3f1/Editor/Data/Resources/UnitySubsystems
[Subsystems] Discovering subsystems at path D:/Unity projects/curso-unity-2020/05_quickClick/Assets
GfxDevice: creating device client; threaded=0
Direct3D:
    Version:  Direct3D 11.0 [level 11.1]
    Renderer: AMD Radeon(TM) Vega 8 Graphics (ID=0x15dd)
    Vendor:   
    VRAM:     5582 MB
    Driver:   27.20.12033.1007
Initialize mono
Mono path[0] = 'C:/Program Files/Unity/Hub/Editor/2020.2.3f1/Editor/Data/Managed'
Mono path[1] = 'C:/Program Files/Unity/Hub/Editor/2020.2.3f1/Editor/Data/MonoBleedingEdge/lib/mono/unityjit'
Mono config path = 'C:/Program Files/Unity/Hub/Editor/2020.2.3f1/Editor/Data/MonoBleedingEdge/etc'
Using monoOptions --debugger-agent=transport=dt_socket,embedding=1,server=y,suspend=n,address=127.0.0.1:56284
Begin MonoManager ReloadAssembly
Registering precompiled unity dll's ...
Register platform support module: C:/Program Files/Unity/Hub/Editor/2020.2.3f1/Editor/Data/PlaybackEngines/WindowsStandaloneSupport/UnityEditor.WindowsStandalone.Extensions.dll
Registered in 0.013126 seconds.
Native extension for WindowsStandalone target not found
Refreshing native plugins compatible for Editor in 35.93 ms, found 0 plugins.
Preloading 0 native plugins for Editor in 0.00 ms.
Invoked RoslynAnalysisRunner static constructor.
RoslynAnalysisRunner will not be running.
RoslynAnalysisRunner has terminated.
Mono: successfully reloaded assembly
- Completed reload, in  4.176 seconds
Platform modules already initialized, skipping
Registering precompiled user dll's ...
Registered in 0.005887 seconds.
Begin MonoManager ReloadAssembly
Native extension for WindowsStandalone target not found
Refreshing native plugins compatible for Editor in 0.66 ms, found 0 plugins.
Preloading 0 native plugins for Editor in 0.00 ms.
Invoked RoslynAnalysisRunner static constructor.
RoslynAnalysisRunner will not be running.
RoslynAnalysisRunner has terminated.
Mono: successfully reloaded assembly
- Completed reload, in  1.945 seconds
Platform modules already initialized, skipping
========================================================================
Worker process is ready to serve import requests
Launched and connected shader compiler UnityShaderCompiler.exe after 0.21 seconds
Refreshing native plugins compatible for Editor in 0.61 ms, found 0 plugins.
Preloading 0 native plugins for Editor in 0.00 ms.
Unloading 1132 Unused Serialized files (Serialized files now loaded: 0)
System memory in use before: 59.2 MB.
System memory in use after: 59.2 MB.

Unloading 16 unused Assets to reduce memory usage. Loaded Objects now: 1573.
Total: 4.430200 ms (FindLiveObjects: 0.269600 ms CreateObjectMapping: 0.083200 ms MarkObjects: 3.834100 ms  DeleteObjects: 0.240100 ms)

========================================================================
Received Import Request.
  path: Assets/Course Library/Materials/Grid_Texture.mat
  artifactKey: Guid(587ce71a1013945a88f4712db43be069) Importer(815301076,1909f56bfc062723c751e8b465ee728b)
Start importing Assets/Course Library/Materials/Grid_Texture.mat using Guid(587ce71a1013945a88f4712db43be069) Importer(815301076,1909f56bfc062723c751e8b465ee728b)  -> (artifact id: 'ac047b1b11f7afdc65449fbb3029890c') in 0.260474 seconds
  Import took 0.265874 seconds .

========================================================================
Received Import Request.
  Time since last request: 0.000792 seconds.
  path: Assets/Course Library/Materials/Border_Color.mat
  artifactKey: Guid(f4698df765882484da56b48c303119e1) Importer(815301076,1909f56bfc062723c751e8b465ee728b)
Start importing Assets/Course Library/Materials/Border_Color.mat using Guid(f4698df765882484da56b48c303119e1) Importer(815301076,1909f56bfc062723c751e8b465ee728b)  -> (artifact id: '5fd0d9a17e2a9468703fae8c79df0c2b') in 0.038907 seconds
  Import took 0.045610 seconds .

========================================================================
Received Import Request.
  Time since last request: 0.000508 seconds.
  path: Assets/Course Library/Materials
  artifactKey: Guid(dd709f07860c949b89e27a3bbd65dbc3) Importer(815301076,1909f56bfc062723c751e8b465ee728b)
Start importing Assets/Course Library/Materials using Guid(dd709f07860c949b89e27a3bbd65dbc3) Importer(815301076,1909f56bfc062723c751e8b465ee728b)  -> (artifact id: '446dea6ced760c90f234e46633bd0bfe') in 0.016658 seconds
  Import took 0.064817 seconds .

========================================================================
Received Import Request.
  Time since last request: 3.267866 seconds.
  path: Assets/Course Library/Textures
  artifactKey: Guid(33ab4ddf0ec584ea9be241571718b7da) Importer(815301076,1909f56bfc062723c751e8b465ee728b)
Start importing Assets/Course Library/Textures using Guid(33ab4ddf0ec584ea9be241571718b7da) Importer(815301076,1909f56bfc062723c751e8b465ee728b)  -> (artifact id: '325c2ef608ab9dd44b51577659919f1d') in 0.040204 seconds
  Import took 0.044960 seconds .

========================================================================
Received Import Request.
  Time since last request: 0.094001 seconds.
  path: Assets/Course Library/Textures/PolygonPrototype_Texture_Grid_01.png
  artifactKey: Guid(2a09470ada0c47849ad79d26363f8e4a) Importer(815301076,1909f56bfc062723c751e8b465ee728b)
Start importing Assets/Course Library/Textures/PolygonPrototype_Texture_Grid_01.png using Guid(2a09470ada0c47849ad79d26363f8e4a) Importer(815301076,1909f56bfc062723c751e8b465ee728b)  -> (artifact id: 'b30896ca6b83f134e968ca4fead8cb82') in 0.236019 seconds
  Import took 0.240707 seconds .

========================================================================
Received Import Request.
  Time since last request: 0.000631 seconds.
  path: Assets/Course Library/Textures/PolygonPrototype_Texture_Grid_02.png
  artifactKey: Guid(6b38ffdcc39b96042a822bb3f490eefd) Importer(815301076,1909f56bfc062723c751e8b465ee728b)
Start importing Assets/Course Library/Textures/PolygonPrototype_Texture_Grid_02.png using Guid(6b38ffdcc39b96042a822bb3f490eefd) Importer(815301076,1909f56bfc062723c751e8b465ee728b)  -> (artifact id: '70c76009a0aad14dba1b66e844d86ac6') in 0.065092 seconds
  Import took 0.069294 seconds .

========================================================================
Received Import Request.
  Time since last request: 0.000449 seconds.
  path: Assets/Course Library/Textures/PolygonPrototype_Texture_Grid_08.png
  artifactKey: Guid(1d12fa396a3563b41b9ae11b0fb0b986) Importer(815301076,1909f56bfc062723c751e8b465ee728b)
Start importing Assets/Course Library/Textures/PolygonPrototype_Texture_Grid_08.png using Guid(1d12fa396a3563b41b9ae11b0fb0b986) Importer(815301076,1909f56bfc062723c751e8b465ee728b)  -> (artifact id: 'bbf4cdc313eac234b990f04bd9b6dfcd') in 0.018467 seconds
  Import took 0.022456 seconds .

========================================================================
Received Import Request.
  Time since last request: 0.000548 seconds.
  path: Assets/Course Library/Textures/PolygonPrototype_Texture_Grid_06.png
  artifactKey: Guid(bbc54c0e722a346408cd09eef6dc0cd6) Importer(815301076,1909f56bfc062723c751e8b465ee728b)
Start importing Assets/Course Library/Textures/PolygonPrototype_Texture_Grid_06.png using Guid(bbc54c0e722a346408cd09eef6dc0cd6) Importer(815301076,1909f56bfc062723c751e8b465ee728b)  -> (artifact id: 'ac7660a19f77e680eb8e2c841f6536e3') in 0.044274 seconds
  Import took 0.047992 seconds .

========================================================================
Received Import Request.
  Time since last request: 0.000490 seconds.
  path: Assets/Course Library/Textures/PolygonPrototype_Texture_Grid_07.png
  artifactKey: Guid(7789f4efbb0f45c4780925243375a18e) Importer(815301076,1909f56bfc062723c751e8b465ee728b)
Start importing Assets/Course Library/Textures/PolygonPrototype_Texture_Grid_07.png using Guid(7789f4efbb0f45c4780925243375a18e) Importer(815301076,1909f56bfc062723c751e8b465ee728b)  -> (artifact id: 'd3fbc176993bf35e93ed293e009d918d') in 0.063577 seconds
  Import took 0.068233 seconds .

========================================================================
Received Import Request.
  Time since last request: 0.000466 seconds.
  path: Assets/Course Library/Textures/PolygonPrototype_Texture_Grid_03.png
  artifactKey: Guid(86507321c175292409cc422c5e33d711) Importer(815301076,1909f56bfc062723c751e8b465ee728b)
Start importing Assets/Course Library/Textures/PolygonPrototype_Texture_Grid_03.png using Guid(86507321c175292409cc422c5e33d711) Importer(815301076,1909f56bfc062723c751e8b465ee728b)  -> (artifact id: '15ff0a334064bd874d5c61d806b00790') in 0.112074 seconds
  Import took 0.115972 seconds .

========================================================================
Received Import Request.
  Time since last request: 0.000592 seconds.
  path: Assets/Course Library/Textures/PolygonPrototype_Texture_Grid_04.png
  artifactKey: Guid(c7c5239ae4b2ace4d8774918a50a940a) Importer(815301076,1909f56bfc062723c751e8b465ee728b)
Start importing Assets/Course Library/Textures/PolygonPrototype_Texture_Grid_04.png using Guid(c7c5239ae4b2ace4d8774918a50a940a) Importer(815301076,1909f56bfc062723c751e8b465ee728b)  -> (artifact id: '8960d26c84df0fbfc6ba3510f8d97eec') in 0.429245 seconds
  Import took 0.434140 seconds .

========================================================================
Received Import Request.
  Time since last request: 0.000924 seconds.
  path: Assets/Course Library/Textures/PolygonPrototype_Texture_Grid_05.png
  artifactKey: Guid(8634f8cf5ba74134c972fb2d36355077) Importer(815301076,1909f56bfc062723c751e8b465ee728b)
Start importing Assets/Course Library/Textures/PolygonPrototype_Texture_Grid_05.png using Guid(8634f8cf5ba74134c972fb2d36355077) Importer(815301076,1909f56bfc062723c751e8b465ee728b)  -> (artifact id: '8602d5a324792d7ef45fcf0beaf5e0cb') in 0.098283 seconds
  Import took 0.103608 seconds .

========================================================================
Received Import Request.
  Time since last request: 0.000358 seconds.
  path: Assets/Course Library/Textures/PolygonPrototype_Texture_Grid_Glass_01.png
  artifactKey: Guid(1432e62c10501d147a873c128326f711) Importer(815301076,1909f56bfc062723c751e8b465ee728b)
Start importing Assets/Course Library/Textures/PolygonPrototype_Texture_Grid_Glass_01.png using Guid(1432e62c10501d147a873c128326f711) Importer(815301076,1909f56bfc062723c751e8b465ee728b)  -> (artifact id: '674d7370acbfd30e6fb5429bee282d3a') in 0.138427 seconds
  Import took 0.141582 seconds .

========================================================================
Received Import Request.
  Time since last request: 0.000418 seconds.
  path: Assets/Course Library/Textures/PolygonPrototype_Texture_Grid_05.png
  artifactKey: Guid(8634f8cf5ba74134c972fb2d36355077) Importer(815301076,1909f56bfc062723c751e8b465ee728b)
Start importing Assets/Course Library/Textures/PolygonPrototype_Texture_Grid_05.png using Guid(8634f8cf5ba74134c972fb2d36355077) Importer(815301076,1909f56bfc062723c751e8b465ee728b)  -> (artifact id: '8602d5a324792d7ef45fcf0beaf5e0cb') in 0.011353 seconds
  Import took 0.014303 seconds .

========================================================================
Received Import Request.
  Time since last request: 5.539141 seconds.
  path: Assets/Course Library/Textures/PolygonPrototype_Texture_Grid_07 1.png
  artifactKey: Guid(238caeccecb507646a8625e8fa46e1a0) Importer(815301076,1909f56bfc062723c751e8b465ee728b)
Start importing Assets/Course Library/Textures/PolygonPrototype_Texture_Grid_07 1.png using Guid(238caeccecb507646a8625e8fa46e1a0) Importer(815301076,1909f56bfc062723c751e8b465ee728b)  -> (artifact id: 'aa9339a823cd5208da675ced6029b668') in 0.018626 seconds
  Import took 0.024030 seconds .

========================================================================
Received Import Request.
  Time since last request: 0.044428 seconds.
  path: Assets/Course Library/Textures/PolygonPrototype_Texture_Grid_07 1.png
  artifactKey: Guid(238caeccecb507646a8625e8fa46e1a0) Importer(815301076,1909f56bfc062723c751e8b465ee728b)
Start importing Assets/Course Library/Textures/PolygonPrototype_Texture_Grid_07 1.png using Guid(238caeccecb507646a8625e8fa46e1a0) Importer(815301076,1909f56bfc062723c751e8b465ee728b)  -> (artifact id: 'aa9339a823cd5208da675ced6029b668') in 0.017428 seconds
  Import took 0.021783 seconds .

========================================================================
Received Import Request.
  Time since last request: 7.030613 seconds.
  path: Assets/Course Library/Textures/Example.png
  artifactKey: Guid(238caeccecb507646a8625e8fa46e1a0) Importer(815301076,1909f56bfc062723c751e8b465ee728b)
Start importing Assets/Course Library/Textures/Example.png using Guid(238caeccecb507646a8625e8fa46e1a0) Importer(815301076,1909f56bfc062723c751e8b465ee728b)  -> (artifact id: 'dd810ca20c946ebfc5b7754251fdb2f6') in 0.017125 seconds
  Import took 0.020899 seconds .

========================================================================
Received Import Request.
  Time since last request: 0.032283 seconds.
  path: Assets/Course Library/Textures/Example.png
  artifactKey: Guid(238caeccecb507646a8625e8fa46e1a0) Importer(815301076,1909f56bfc062723c751e8b465ee728b)
Start importing Assets/Course Library/Textures/Example.png using Guid(238caeccecb507646a8625e8fa46e1a0) Importer(815301076,1909f56bfc062723c751e8b465ee728b)  -> (artifact id: 'dd810ca20c946ebfc5b7754251fdb2f6') in 0.018255 seconds
  Import took 0.023072 seconds .

========================================================================
Received Import Request.
  Time since last request: 74.364211 seconds.
  path: Assets/Course Library/Textures/Example.png
  artifactKey: Guid(238caeccecb507646a8625e8fa46e1a0) Importer(815301076,1909f56bfc062723c751e8b465ee728b)
Start importing Assets/Course Library/Textures/Example.png using Guid(238caeccecb507646a8625e8fa46e1a0) Importer(815301076,1909f56bfc062723c751e8b465ee728b)  -> (artifact id: '43e6665d1404b90af2630ca494014916') in 0.018772 seconds
  Import took 0.024101 seconds .

========================================================================
Received Import Request.
  Time since last request: 0.056075 seconds.
  path: Assets/Course Library/Textures/Example.png
  artifactKey: Guid(238caeccecb507646a8625e8fa46e1a0) Importer(815301076,1909f56bfc062723c751e8b465ee728b)
Start importing Assets/Course Library/Textures/Example.png using Guid(238caeccecb507646a8625e8fa46e1a0) Importer(815301076,1909f56bfc062723c751e8b465ee728b)  -> (artifact id: '43e6665d1404b90af2630ca494014916') in 0.016633 seconds
  Import took 0.021714 seconds .

========================================================================
Received Import Request.
  Time since last request: 53.663402 seconds.
  path: Assets/Course Library/Textures/Example.png
  artifactKey: Guid(238caeccecb507646a8625e8fa46e1a0) Importer(815301076,1909f56bfc062723c751e8b465ee728b)
Start importing Assets/Course Library/Textures/Example.png using Guid(238caeccecb507646a8625e8fa46e1a0) Importer(815301076,1909f56bfc062723c751e8b465ee728b)  -> (artifact id: '4d40f5770cad42c6d129a11072bc5d48') in 0.043253 seconds
  Import took 0.046818 seconds .

========================================================================
Received Import Request.
  Time since last request: 0.014596 seconds.
  path: Assets/Course Library/Textures/Example.png
  artifactKey: Guid(238caeccecb507646a8625e8fa46e1a0) Importer(815301076,1909f56bfc062723c751e8b465ee728b)
Start importing Assets/Course Library/Textures/Example.png using Guid(238caeccecb507646a8625e8fa46e1a0) Importer(815301076,1909f56bfc062723c751e8b465ee728b)  -> (artifact id: '4d40f5770cad42c6d129a11072bc5d48') in 0.019609 seconds
  Import took 0.022979 seconds .

========================================================================
Received Prepare
Registering precompiled user dll's ...
Registered in 0.006051 seconds.
Begin MonoManager ReloadAssembly
Native extension for WindowsStandalone target not found
Refreshing native plugins compatible for Editor in 0.37 ms, found 0 plugins.
Preloading 0 native plugins for Editor in 0.00 ms.
Invoked RoslynAnalysisRunner static constructor.
RoslynAnalysisRunner will not be running.
RoslynAnalysisRunner has terminated.
Mono: successfully reloaded assembly
- Completed reload, in  1.578 seconds
Platform modules already initialized, skipping
Refreshing native plugins compatible for Editor in 0.36 ms, found 0 plugins.
Preloading 0 native plugins for Editor in 0.00 ms.
Unloading 1146 Unused Serialized files (Serialized files now loaded: 0)
System memory in use before: 62.5 MB.
System memory in use after: 62.6 MB.

Unloading 11 unused Assets to reduce memory usage. Loaded Objects now: 1651.
Total: 2.535700 ms (FindLiveObjects: 0.281000 ms CreateObjectMapping: 0.074400 ms MarkObjects: 2.072600 ms  DeleteObjects: 0.105100 ms)

========================================================================
Received Import Request.
  Time since last request: 65.851260 seconds.
  path: Assets/Course Library/Textures/Example.png
  artifactKey: Guid(238caeccecb507646a8625e8fa46e1a0) Importer(815301076,1909f56bfc062723c751e8b465ee728b)
Start importing Assets/Course Library/Textures/Example.png using Guid(238caeccecb507646a8625e8fa46e1a0) Importer(815301076,1909f56bfc062723c751e8b465ee728b)  -> (artifact id: 'cc0de84824c13580c25b0cf753c75595') in 0.140930 seconds
  Import took 0.144950 seconds .

========================================================================
Received Import Request.
  Time since last request: 140.666916 seconds.
  path: Assets/Course Library/Textures/Example.png
  artifactKey: Guid(238caeccecb507646a8625e8fa46e1a0) Importer(815301076,1909f56bfc062723c751e8b465ee728b)
Start importing Assets/Course Library/Textures/Example.png using Guid(238caeccecb507646a8625e8fa46e1a0) Importer(815301076,1909f56bfc062723c751e8b465ee728b)  -> (artifact id: '4ccd079218049b448edf655d75d7389a') in 0.023616 seconds
  Import took 0.027470 seconds .

========================================================================
Received Import Request.
  Time since last request: 0.010316 seconds.
  path: Assets/Course Library/Textures/Example.png
  artifactKey: Guid(238caeccecb507646a8625e8fa46e1a0) Importer(815301076,1909f56bfc062723c751e8b465ee728b)
Start importing Assets/Course Library/Textures/Example.png using Guid(238caeccecb507646a8625e8fa46e1a0) Importer(815301076,1909f56bfc062723c751e8b465ee728b)  -> (artifact id: '4ccd079218049b448edf655d75d7389a') in 0.026270 seconds
  Import took 0.033507 seconds .

========================================================================
Received Import Request.
  Time since last request: 745.105120 seconds.
  path: Assets/Course Library/Textures/qyRVzkO.png
  artifactKey: Guid(14e496f5295a3124181362998b04a7d2) Importer(815301076,1909f56bfc062723c751e8b465ee728b)
Start importing Assets/Course Library/Textures/qyRVzkO.png using Guid(14e496f5295a3124181362998b04a7d2) Importer(815301076,1909f56bfc062723c751e8b465ee728b)  -> (artifact id: '6335eefbe6f60947174d6a8415e7bc5e') in 0.017406 seconds
  Import took 0.021176 seconds .

========================================================================
Received Import Request.
  Time since last request: 16.933940 seconds.
  path: Assets/Course Library/Textures/qyRVzkO.png
  artifactKey: Guid(14e496f5295a3124181362998b04a7d2) Importer(815301076,1909f56bfc062723c751e8b465ee728b)
Start importing Assets/Course Library/Textures/qyRVzkO.png using Guid(14e496f5295a3124181362998b04a7d2) Importer(815301076,1909f56bfc062723c751e8b465ee728b)  -> (artifact id: '3fdae08d1b3a71993cc4566156a3de79') in 0.015553 seconds
  Import took 0.018794 seconds .

========================================================================
Received Import Request.
  Time since last request: 0.017603 seconds.
  path: Assets/Course Library/Textures/qyRVzkO.png
  artifactKey: Guid(14e496f5295a3124181362998b04a7d2) Importer(815301076,1909f56bfc062723c751e8b465ee728b)
Start importing Assets/Course Library/Textures/qyRVzkO.png using Guid(14e496f5295a3124181362998b04a7d2) Importer(815301076,1909f56bfc062723c751e8b465ee728b)  -> (artifact id: '3fdae08d1b3a71993cc4566156a3de79') in 0.017757 seconds
  Import took 0.021363 seconds .

========================================================================
Received Import Request.
  Time since last request: 328.068679 seconds.
  path: Assets/Course Library/Textures/55621.png
  artifactKey: Guid(e101f7c43369a83489e85e8a9df49fc2) Importer(815301076,1909f56bfc062723c751e8b465ee728b)
Start importing Assets/Course Library/Textures/55621.png using Guid(e101f7c43369a83489e85e8a9df49fc2) Importer(815301076,1909f56bfc062723c751e8b465ee728b)  -> (artifact id: '71a93070eb7a926986da4471777b32b4') in 0.016205 seconds
  Import took 0.019273 seconds .

========================================================================
Received Import Request.
  Time since last request: 0.006646 seconds.
  path: Assets/Course Library/Textures/55621.png
  artifactKey: Guid(e101f7c43369a83489e85e8a9df49fc2) Importer(815301076,1909f56bfc062723c751e8b465ee728b)
Start importing Assets/Course Library/Textures/55621.png using Guid(e101f7c43369a83489e85e8a9df49fc2) Importer(815301076,1909f56bfc062723c751e8b465ee728b)  -> (artifact id: '71a93070eb7a926986da4471777b32b4') in 0.015492 seconds
  Import took 0.019040 seconds .

========================================================================
Received Import Request.
  Time since last request: 8.553199 seconds.
  path: Assets/Course Library/Textures/55621.png
  artifactKey: Guid(e101f7c43369a83489e85e8a9df49fc2) Importer(815301076,1909f56bfc062723c751e8b465ee728b)
Start importing Assets/Course Library/Textures/55621.png using Guid(e101f7c43369a83489e85e8a9df49fc2) Importer(815301076,1909f56bfc062723c751e8b465ee728b)  -> (artifact id: '1e7de4d73317c631d2947246b99e3a7a') in 0.013418 seconds
  Import took 0.016531 seconds .

========================================================================
Received Import Request.
  Time since last request: 0.023810 seconds.
  path: Assets/Course Library/Textures/55621.png
  artifactKey: Guid(e101f7c43369a83489e85e8a9df49fc2) Importer(815301076,1909f56bfc062723c751e8b465ee728b)
Start importing Assets/Course Library/Textures/55621.png using Guid(e101f7c43369a83489e85e8a9df49fc2) Importer(815301076,1909f56bfc062723c751e8b465ee728b)  -> (artifact id: '1e7de4d73317c631d2947246b99e3a7a') in 0.014325 seconds
  Import took 0.018019 seconds .

========================================================================
Received Import Request.
  Time since last request: 146.303050 seconds.
  path: Assets/Course Library/Textures/55621.png
  artifactKey: Guid(e101f7c43369a83489e85e8a9df49fc2) Importer(815301076,1909f56bfc062723c751e8b465ee728b)
Start importing Assets/Course Library/Textures/55621.png using Guid(e101f7c43369a83489e85e8a9df49fc2) Importer(815301076,1909f56bfc062723c751e8b465ee728b)  -> (artifact id: '6ba3cc02a41c16ec674ed91ed41b47b0') in 0.144032 seconds
  Import took 0.147324 seconds .

========================================================================
Received Prepare
Registering precompiled user dll's ...
Registered in 0.007194 seconds.
Begin MonoManager ReloadAssembly
Native extension for WindowsStandalone target not found
Refreshing native plugins compatible for Editor in 0.35 ms, found 0 plugins.
Preloading 0 native plugins for Editor in 0.00 ms.
Invoked RoslynAnalysisRunner static constructor.
RoslynAnalysisRunner will not be running.
RoslynAnalysisRunner has terminated.
Mono: successfully reloaded assembly
- Completed reload, in  1.273 seconds
Platform modules already initialized, skipping
Refreshing native plugins compatible for Editor in 0.36 ms, found 0 plugins.
Preloading 0 native plugins for Editor in 0.00 ms.
Unloading 1146 Unused Serialized files (Serialized files now loaded: 0)
System memory in use before: 62.6 MB.
System memory in use after: 62.6 MB.

Unloading 11 unused Assets to reduce memory usage. Loaded Objects now: 1657.
Total: 2.601700 ms (FindLiveObjects: 0.272700 ms CreateObjectMapping: 0.069600 ms MarkObjects: 2.152000 ms  DeleteObjects: 0.105500 ms)

========================================================================
Received Import Request.
  Time since last request: 390.368399 seconds.
  path: Assets/Animation
  artifactKey: Guid(d538d5946f44da346a14a251fb649017) Importer(815301076,1909f56bfc062723c751e8b465ee728b)
Start importing Assets/Animation using Guid(d538d5946f44da346a14a251fb649017) Importer(815301076,1909f56bfc062723c751e8b465ee728b)  -> (artifact id: 'e4bb25dfe77fc50e3e3b9b80795ccbe9') in 0.012643 seconds
  Import took 0.017797 seconds .

========================================================================
Received Import Request.
  Time since last request: 223.949799 seconds.
  path: Assets/scripts/GameManager.cs
  artifactKey: Guid(1e0396b54d4b4c0459cfb7b46fb28ec7) Importer(815301076,1909f56bfc062723c751e8b465ee728b)
Start importing Assets/scripts/GameManager.cs using Guid(1e0396b54d4b4c0459cfb7b46fb28ec7) Importer(815301076,1909f56bfc062723c751e8b465ee728b)  -> (artifact id: '3e93aaae7daeb70d7d8eadc1c54b9f42') in 0.022778 seconds
  Import took 0.027916 seconds .

========================================================================
Received Import Request.
  Time since last request: 135.123072 seconds.
  path: Assets/Animation/55621_25.controller
  artifactKey: Guid(e32f01d3d32015a46bef709c5a91837c) Importer(815301076,1909f56bfc062723c751e8b465ee728b)
Start importing Assets/Animation/55621_25.controller using Guid(e32f01d3d32015a46bef709c5a91837c) Importer(815301076,1909f56bfc062723c751e8b465ee728b)  -> (artifact id: '3147d57cc8a17825b49a5ab5ae0e0b98') in 0.058457 seconds
  Import took 0.062583 seconds .

========================================================================
Received Import Request.
  Time since last request: 0.004818 seconds.
  path: Assets/Animation/55621_25.controller
  artifactKey: Guid(e32f01d3d32015a46bef709c5a91837c) Importer(815301076,1909f56bfc062723c751e8b465ee728b)
Start importing Assets/Animation/55621_25.controller using Guid(e32f01d3d32015a46bef709c5a91837c) Importer(815301076,1909f56bfc062723c751e8b465ee728b)  -> (artifact id: '3147d57cc8a17825b49a5ab5ae0e0b98') in 0.009914 seconds
  Import took 0.014108 seconds .

========================================================================
Received Prepare
Registering precompiled user dll's ...
Registered in 0.009310 seconds.
Begin MonoManager ReloadAssembly
Native extension for WindowsStandalone target not found
Refreshing native plugins compatible for Editor in 0.37 ms, found 0 plugins.
Preloading 0 native plugins for Editor in 0.00 ms.
Invoked RoslynAnalysisRunner static constructor.
RoslynAnalysisRunner will not be running.
RoslynAnalysisRunner has terminated.
Mono: successfully reloaded assembly
- Completed reload, in  1.638 seconds
Platform modules already initialized, skipping
Refreshing native plugins compatible for Editor in 0.52 ms, found 0 plugins.
Preloading 0 native plugins for Editor in 0.00 ms.
Unloading 1146 Unused Serialized files (Serialized files now loaded: 0)
System memory in use before: 62.6 MB.
System memory in use after: 62.7 MB.

Unloading 11 unused Assets to reduce memory usage. Loaded Objects now: 1659.
Total: 2.536000 ms (FindLiveObjects: 0.294300 ms CreateObjectMapping: 0.070700 ms MarkObjects: 2.071200 ms  DeleteObjects: 0.097800 ms)

========================================================================
Received Prepare
Registering precompiled user dll's ...
Registered in 0.007021 seconds.
Begin MonoManager ReloadAssembly
Native extension for WindowsStandalone target not found
Refreshing native plugins compatible for Editor in 0.51 ms, found 0 plugins.
Preloading 0 native plugins for Editor in 0.00 ms.
Invoked RoslynAnalysisRunner static constructor.
RoslynAnalysisRunner will not be running.
RoslynAnalysisRunner has terminated.
Mono: successfully reloaded assembly
- Completed reload, in  1.795 seconds
Platform modules already initialized, skipping
Refreshing native plugins compatible for Editor in 0.35 ms, found 0 plugins.
Preloading 0 native plugins for Editor in 0.00 ms.
Unloading 1146 Unused Serialized files (Serialized files now loaded: 0)
System memory in use before: 62.6 MB.
System memory in use after: 62.7 MB.

Unloading 11 unused Assets to reduce memory usage. Loaded Objects now: 1661.
Total: 2.311700 ms (FindLiveObjects: 0.277200 ms CreateObjectMapping: 0.066200 ms MarkObjects: 1.875600 ms  DeleteObjects: 0.090800 ms)

========================================================================
Received Prepare
Registering precompiled user dll's ...
Registered in 0.007428 seconds.
Begin MonoManager ReloadAssembly
Native extension for WindowsStandalone target not found
Refreshing native plugins compatible for Editor in 0.44 ms, found 0 plugins.
Preloading 0 native plugins for Editor in 0.00 ms.
Invoked RoslynAnalysisRunner static constructor.
RoslynAnalysisRunner will not be running.
RoslynAnalysisRunner has terminated.
Mono: successfully reloaded assembly
- Completed reload, in  1.731 seconds
Platform modules already initialized, skipping
Refreshing native plugins compatible for Editor in 0.43 ms, found 0 plugins.
Preloading 0 native plugins for Editor in 0.00 ms.
Unloading 1146 Unused Serialized files (Serialized files now loaded: 0)
System memory in use before: 62.6 MB.
System memory in use after: 62.7 MB.

Unloading 11 unused Assets to reduce memory usage. Loaded Objects now: 1663.
Total: 3.921100 ms (FindLiveObjects: 0.326800 ms CreateObjectMapping: 0.064900 ms MarkObjects: 3.391900 ms  DeleteObjects: 0.135200 ms)

========================================================================
Received Prepare
Registering precompiled user dll's ...
Registered in 0.007951 seconds.
Begin MonoManager ReloadAssembly
Native extension for WindowsStandalone target not found
Refreshing native plugins compatible for Editor in 0.37 ms, found 0 plugins.
Preloading 0 native plugins for Editor in 0.00 ms.
Invoked RoslynAnalysisRunner static constructor.
RoslynAnalysisRunner will not be running.
RoslynAnalysisRunner has terminated.
Mono: successfully reloaded assembly
- Completed reload, in  1.540 seconds
Platform modules already initialized, skipping
Refreshing native plugins compatible for Editor in 0.75 ms, found 0 plugins.
Preloading 0 native plugins for Editor in 0.00 ms.
Unloading 1146 Unused Serialized files (Serialized files now loaded: 0)
System memory in use before: 62.6 MB.
System memory in use after: 62.7 MB.

Unloading 11 unused Assets to reduce memory usage. Loaded Objects now: 1665.
Total: 3.683500 ms (FindLiveObjects: 0.271000 ms CreateObjectMapping: 0.068700 ms MarkObjects: 3.209000 ms  DeleteObjects: 0.132700 ms)

========================================================================
Received Prepare
Registering precompiled user dll's ...
Registered in 0.008603 seconds.
Begin MonoManager ReloadAssembly
Native extension for WindowsStandalone target not found
Refreshing native plugins compatible for Editor in 0.56 ms, found 0 plugins.
Preloading 0 native plugins for Editor in 0.00 ms.
Invoked RoslynAnalysisRunner static constructor.
RoslynAnalysisRunner will not be running.
RoslynAnalysisRunner has terminated.
Mono: successfully reloaded assembly
- Completed reload, in  2.050 seconds
Platform modules already initialized, skipping
Refreshing native plugins compatible for Editor in 0.55 ms, found 0 plugins.
Preloading 0 native plugins for Editor in 0.00 ms.
Unloading 1146 Unused Serialized files (Serialized files now loaded: 0)
System memory in use before: 62.6 MB.
System memory in use after: 62.7 MB.

Unloading 11 unused Assets to reduce memory usage. Loaded Objects now: 1667.
Total: 2.569800 ms (FindLiveObjects: 0.222800 ms CreateObjectMapping: 0.047500 ms MarkObjects: 2.199900 ms  DeleteObjects: 0.098000 ms)

========================================================================
Received Prepare
Registering precompiled user dll's ...
Registered in 0.007363 seconds.
Begin MonoManager ReloadAssembly
Native extension for WindowsStandalone target not found
Refreshing native plugins compatible for Editor in 0.52 ms, found 0 plugins.
Preloading 0 native plugins for Editor in 0.00 ms.
Invoked RoslynAnalysisRunner static constructor.
RoslynAnalysisRunner will not be running.
RoslynAnalysisRunner has terminated.
Mono: successfully reloaded assembly
- Completed reload, in  1.691 seconds
Platform modules already initialized, skipping
Refreshing native plugins compatible for Editor in 0.42 ms, found 0 plugins.
Preloading 0 native plugins for Editor in 0.00 ms.
Unloading 1146 Unused Serialized files (Serialized files now loaded: 0)
System memory in use before: 62.6 MB.
System memory in use after: 62.7 MB.

Unloading 11 unused Assets to reduce memory usage. Loaded Objects now: 1669.
Total: 2.875600 ms (FindLiveObjects: 0.260100 ms CreateObjectMapping: 0.043200 ms MarkObjects: 2.472600 ms  DeleteObjects: 0.098600 ms)

========================================================================
Received Import Request.
  Time since last request: 3382.933426 seconds.
  path: Assets/scripts/DificultyButton.cs
  artifactKey: Guid(f59fa36c2010356438dd892cf0b7e62a) Importer(815301076,1909f56bfc062723c751e8b465ee728b)
Start importing Assets/scripts/DificultyButton.cs using Guid(f59fa36c2010356438dd892cf0b7e62a) Importer(815301076,1909f56bfc062723c751e8b465ee728b)  -> (artifact id: 'c17b94ef7279f5a017f79d98a21d6de6') in 0.075595 seconds
  Import took 0.085780 seconds .

========================================================================
Received Prepare
Registering precompiled user dll's ...
Registered in 0.009204 seconds.
Begin MonoManager ReloadAssembly
Native extension for WindowsStandalone target not found
Refreshing native plugins compatible for Editor in 0.42 ms, found 0 plugins.
Preloading 0 native plugins for Editor in 0.00 ms.
Invoked RoslynAnalysisRunner static constructor.
RoslynAnalysisRunner will not be running.
RoslynAnalysisRunner has terminated.
Mono: successfully reloaded assembly
- Completed reload, in  1.616 seconds
Platform modules already initialized, skipping
Refreshing native plugins compatible for Editor in 1.12 ms, found 0 plugins.
Preloading 0 native plugins for Editor in 0.00 ms.
Unloading 1147 Unused Serialized files (Serialized files now loaded: 0)
System memory in use before: 62.7 MB.
System memory in use after: 62.7 MB.

Unloading 11 unused Assets to reduce memory usage. Loaded Objects now: 1672.
Total: 3.392800 ms (FindLiveObjects: 0.361600 ms CreateObjectMapping: 0.090200 ms MarkObjects: 2.835300 ms  DeleteObjects: 0.103500 ms)

========================================================================
Received Import Request.
  Time since last request: 586.105526 seconds.
  path: Assets/scripts/DificultyButton.cs
  artifactKey: Guid(f59fa36c2010356438dd892cf0b7e62a) Importer(815301076,1909f56bfc062723c751e8b465ee728b)
Start importing Assets/scripts/DificultyButton.cs using Guid(f59fa36c2010356438dd892cf0b7e62a) Importer(815301076,1909f56bfc062723c751e8b465ee728b)  -> (artifact id: '6c9f8bc89f2d49e05d4a28ec4393f2dd') in 0.016936 seconds
  Import took 0.022256 seconds .

========================================================================
Received Import Request.
  Time since last request: 342.550716 seconds.
  path: Assets/scripts/DificultyButton.cs
  artifactKey: Guid(f59fa36c2010356438dd892cf0b7e62a) Importer(815301076,1909f56bfc062723c751e8b465ee728b)
Start importing Assets/scripts/DificultyButton.cs using Guid(f59fa36c2010356438dd892cf0b7e62a) Importer(815301076,1909f56bfc062723c751e8b465ee728b)  -> (artifact id: '6cb00686811b969eaa93a47b1af5183a') in 0.009581 seconds
  Import took 0.016521 seconds .

========================================================================
Received Import Request.
  Time since last request: 166.118569 seconds.
  path: Assets/scripts/DificultyButton.cs
  artifactKey: Guid(f59fa36c2010356438dd892cf0b7e62a) Importer(815301076,1909f56bfc062723c751e8b465ee728b)
Start importing Assets/scripts/DificultyButton.cs using Guid(f59fa36c2010356438dd892cf0b7e62a) Importer(815301076,1909f56bfc062723c751e8b465ee728b)  -> (artifact id: '60be6beca380aa35a0bf5cbeab02f1ca') in 0.009759 seconds
  Import took 0.014995 seconds .

AssetImportWorkerClient::OnTransportError - code=2 error=End of file
