Using pre-set license
Built from '2020.2/staging' branch; Version is '2020.2.3f1 (8ff31bc5bf5b) revision 9433883'; Using compiler version '192528614'; Build Type 'Release'
OS: 'Windows 10 Home Single Language; OS build 18363.1379; Version 1909; 64bit' Language: 'es' Physical Memory: 11164 MB
BatchMode: 1, IsHumanControllingUs: 0, StartBugReporterOnCrash: 0, Is64bit: 1, IsPro: 0

 COMMAND LINE ARGUMENTS:
C:\Program Files\Unity\Hub\Editor\2020.2.3f1\Editor\Unity.exe
-adb2
-batchMode
-noUpm
-name
AssetImportWorker0
-projectPath
D:/Unity projects/curso-unity-2020/05_quickClick
-logFile
Logs/AssetImportWorker0.log
-srvPort
62924
Successfully changed project path to: D:/Unity projects/curso-unity-2020/05_quickClick
D:/Unity projects/curso-unity-2020/05_quickClick
Using Asset Import Pipeline V2.
Refreshing native plugins compatible for Editor in 84.20 ms, found 0 plugins.
Preloading 0 native plugins for Editor in 0.00 ms.
Initialize engine version: 2020.2.3f1 (8ff31bc5bf5b)
[Subsystems] Discovering subsystems at path C:/Program Files/Unity/Hub/Editor/2020.2.3f1/Editor/Data/Resources/UnitySubsystems
[Subsystems] Discovering subsystems at path D:/Unity projects/curso-unity-2020/05_quickClick/Assets
GfxDevice: creating device client; threaded=0
Direct3D:
    Version:  Direct3D 11.0 [level 11.1]
    Renderer: AMD Radeon(TM) Vega 8 Graphics (ID=0x15dd)
    Vendor:   
    VRAM:     5582 MB
    Driver:   27.20.12033.1007
Initialize mono
Mono path[0] = 'C:/Program Files/Unity/Hub/Editor/2020.2.3f1/Editor/Data/Managed'
Mono path[1] = 'C:/Program Files/Unity/Hub/Editor/2020.2.3f1/Editor/Data/MonoBleedingEdge/lib/mono/unityjit'
Mono config path = 'C:/Program Files/Unity/Hub/Editor/2020.2.3f1/Editor/Data/MonoBleedingEdge/etc'
Using monoOptions --debugger-agent=transport=dt_socket,embedding=1,server=y,suspend=n,address=127.0.0.1:56360
Begin MonoManager ReloadAssembly
Registering precompiled unity dll's ...
Register platform support module: C:/Program Files/Unity/Hub/Editor/2020.2.3f1/Editor/Data/PlaybackEngines/WindowsStandaloneSupport/UnityEditor.WindowsStandalone.Extensions.dll
Registered in 0.019363 seconds.
Native extension for WindowsStandalone target not found
Refreshing native plugins compatible for Editor in 84.30 ms, found 0 plugins.
Preloading 0 native plugins for Editor in 0.00 ms.
Invoked RoslynAnalysisRunner static constructor.
RoslynAnalysisRunner will not be running.
RoslynAnalysisRunner has terminated.
Mono: successfully reloaded assembly
- Completed reload, in  6.349 seconds
Platform modules already initialized, skipping
Registering precompiled user dll's ...
Registered in 0.014891 seconds.
Begin MonoManager ReloadAssembly
Native extension for WindowsStandalone target not found
Refreshing native plugins compatible for Editor in 0.67 ms, found 0 plugins.
Preloading 0 native plugins for Editor in 0.00 ms.
Invoked RoslynAnalysisRunner static constructor.
RoslynAnalysisRunner will not be running.
RoslynAnalysisRunner has terminated.
Mono: successfully reloaded assembly
- Completed reload, in  2.931 seconds
Platform modules already initialized, skipping
========================================================================
Worker process is ready to serve import requests
Launched and connected shader compiler UnityShaderCompiler.exe after 0.29 seconds
Refreshing native plugins compatible for Editor in 0.92 ms, found 0 plugins.
Preloading 0 native plugins for Editor in 0.00 ms.
Unloading 1118 Unused Serialized files (Serialized files now loaded: 0)
System memory in use before: 57.1 MB.
System memory in use after: 57.2 MB.

Unloading 16 unused Assets to reduce memory usage. Loaded Objects now: 1558.
Total: 4.542500 ms (FindLiveObjects: 0.304500 ms CreateObjectMapping: 0.069300 ms MarkObjects: 3.948200 ms  DeleteObjects: 0.217500 ms)

========================================================================
Received Import Request.
  path: Assets/scripts/Target.cs
  artifactKey: Guid(01952fe2ddfe1a3469999098be0c623f) Importer(815301076,1909f56bfc062723c751e8b465ee728b)
Start importing Assets/scripts/Target.cs using Guid(01952fe2ddfe1a3469999098be0c623f) Importer(815301076,1909f56bfc062723c751e8b465ee728b)  -> (artifact id: '2f0d6b147a889be0369df8ae08ac76bb') in 0.324288 seconds
  Import took 0.329013 seconds .

========================================================================
Received Prepare
Registering precompiled user dll's ...
Registered in 0.013738 seconds.
Begin MonoManager ReloadAssembly
Native extension for WindowsStandalone target not found
Refreshing native plugins compatible for Editor in 0.68 ms, found 0 plugins.
Preloading 0 native plugins for Editor in 0.00 ms.
Invoked RoslynAnalysisRunner static constructor.
RoslynAnalysisRunner will not be running.
RoslynAnalysisRunner has terminated.
Mono: successfully reloaded assembly
- Completed reload, in  3.806 seconds
Platform modules already initialized, skipping
Refreshing native plugins compatible for Editor in 0.67 ms, found 0 plugins.
Preloading 0 native plugins for Editor in 0.00 ms.
Unloading 1111 Unused Serialized files (Serialized files now loaded: 0)
System memory in use before: 57.0 MB.
System memory in use after: 57.1 MB.

Unloading 11 unused Assets to reduce memory usage. Loaded Objects now: 1560.
Total: 4.756300 ms (FindLiveObjects: 0.440300 ms CreateObjectMapping: 0.096700 ms MarkObjects: 4.053000 ms  DeleteObjects: 0.163400 ms)

========================================================================
Received Import Request.
  Time since last request: 467.478591 seconds.
  path: Assets/scripts/Target.cs
  artifactKey: Guid(01952fe2ddfe1a3469999098be0c623f) Importer(815301076,1909f56bfc062723c751e8b465ee728b)
Start importing Assets/scripts/Target.cs using Guid(01952fe2ddfe1a3469999098be0c623f) Importer(815301076,1909f56bfc062723c751e8b465ee728b)  -> (artifact id: '6d24a2009dae084519f82d4e5ea582fb') in 0.019755 seconds
  Import took 0.027011 seconds .

========================================================================
Received Import Request.
  Time since last request: 164.004950 seconds.
  path: ProjectSettings/TagManager.asset
  artifactKey: Guid(00000000000000003000000000000000) Importer(815301076,1909f56bfc062723c751e8b465ee728b)
Start importing ProjectSettings/TagManager.asset using Guid(00000000000000003000000000000000) Importer(815301076,1909f56bfc062723c751e8b465ee728b)  -> (artifact id: '7752103b544944453581f0c77c4cc547') in 0.049059 seconds
  Import took 0.054614 seconds .

========================================================================
Received Import Request.
  Time since last request: 0.001483 seconds.
  path: ProjectSettings/TagManager.asset
  artifactKey: Guid(00000000000000003000000000000000) Importer(815301076,1909f56bfc062723c751e8b465ee728b)
Start importing ProjectSettings/TagManager.asset using Guid(00000000000000003000000000000000) Importer(815301076,1909f56bfc062723c751e8b465ee728b)  -> (artifact id: '7752103b544944453581f0c77c4cc547') in 0.012468 seconds
  Import took 0.017893 seconds .

========================================================================
Received Prepare
Registering precompiled user dll's ...
Registered in 0.014934 seconds.
Begin MonoManager ReloadAssembly
Native extension for WindowsStandalone target not found
Refreshing native plugins compatible for Editor in 0.77 ms, found 0 plugins.
Preloading 0 native plugins for Editor in 0.00 ms.
Invoked RoslynAnalysisRunner static constructor.
RoslynAnalysisRunner will not be running.
RoslynAnalysisRunner has terminated.
Mono: successfully reloaded assembly
- Completed reload, in  3.031 seconds
Platform modules already initialized, skipping
Refreshing native plugins compatible for Editor in 0.68 ms, found 0 plugins.
Preloading 0 native plugins for Editor in 0.00 ms.
Unloading 1111 Unused Serialized files (Serialized files now loaded: 0)
System memory in use before: 57.0 MB.
System memory in use after: 57.1 MB.

Unloading 13 unused Assets to reduce memory usage. Loaded Objects now: 1562.
Total: 5.650300 ms (FindLiveObjects: 0.431600 ms CreateObjectMapping: 0.111700 ms MarkObjects: 4.927300 ms  DeleteObjects: 0.176700 ms)

========================================================================
Received Prepare
Registering precompiled user dll's ...
Registered in 0.011353 seconds.
Begin MonoManager ReloadAssembly
Native extension for WindowsStandalone target not found
Refreshing native plugins compatible for Editor in 0.66 ms, found 0 plugins.
Preloading 0 native plugins for Editor in 0.00 ms.
Invoked RoslynAnalysisRunner static constructor.
RoslynAnalysisRunner will not be running.
RoslynAnalysisRunner has terminated.
Mono: successfully reloaded assembly
- Completed reload, in  2.621 seconds
Platform modules already initialized, skipping
Refreshing native plugins compatible for Editor in 0.70 ms, found 0 plugins.
Preloading 0 native plugins for Editor in 0.00 ms.
Unloading 1111 Unused Serialized files (Serialized files now loaded: 0)
System memory in use before: 57.1 MB.
System memory in use after: 57.1 MB.

Unloading 11 unused Assets to reduce memory usage. Loaded Objects now: 1564.
Total: 4.011200 ms (FindLiveObjects: 0.435800 ms CreateObjectMapping: 0.082900 ms MarkObjects: 3.301800 ms  DeleteObjects: 0.187100 ms)

========================================================================
Received Import Request.
  Time since last request: 410.424547 seconds.
  path: Assets/Prefabs/bad_1.prefab
  artifactKey: Guid(64eaaafcb5a1bb741b6d81a952c2fc95) Importer(815301076,1909f56bfc062723c751e8b465ee728b)
Start importing Assets/Prefabs/bad_1.prefab using Guid(64eaaafcb5a1bb741b6d81a952c2fc95) Importer(815301076,1909f56bfc062723c751e8b465ee728b)  -> (artifact id: '1d3e5d792aedde9608977fd2b92a6133') in 0.354764 seconds
  Import took 0.359971 seconds .

========================================================================
Received Import Request.
  Time since last request: 2.446143 seconds.
  path: Assets/Prefabs/bad_1.prefab
  artifactKey: Guid(64eaaafcb5a1bb741b6d81a952c2fc95) Importer(815301076,1909f56bfc062723c751e8b465ee728b)
Start importing Assets/Prefabs/bad_1.prefab using Guid(64eaaafcb5a1bb741b6d81a952c2fc95) Importer(815301076,1909f56bfc062723c751e8b465ee728b)  -> (artifact id: '2c8243c5c14031678ba66c42f3f9eb33') in 0.056509 seconds
  Import took 0.062628 seconds .

========================================================================
Received Prepare
Registering precompiled user dll's ...
Registered in 0.011178 seconds.
Begin MonoManager ReloadAssembly
Native extension for WindowsStandalone target not found
Refreshing native plugins compatible for Editor in 0.72 ms, found 0 plugins.
Preloading 0 native plugins for Editor in 0.00 ms.
Invoked RoslynAnalysisRunner static constructor.
RoslynAnalysisRunner will not be running.
RoslynAnalysisRunner has terminated.
Mono: successfully reloaded assembly
- Completed reload, in  2.621 seconds
Platform modules already initialized, skipping
Refreshing native plugins compatible for Editor in 0.79 ms, found 0 plugins.
Preloading 0 native plugins for Editor in 0.00 ms.
Unloading 1111 Unused Serialized files (Serialized files now loaded: 0)
System memory in use before: 60.2 MB.
System memory in use after: 60.3 MB.

Unloading 11 unused Assets to reduce memory usage. Loaded Objects now: 1573.
Total: 4.823800 ms (FindLiveObjects: 0.377400 ms CreateObjectMapping: 0.077300 ms MarkObjects: 4.220400 ms  DeleteObjects: 0.145100 ms)

========================================================================
Received Import Request.
  Time since last request: 48.657117 seconds.
  path: Assets/Prefabs/good_3.prefab
  artifactKey: Guid(7216d764ca36aa441bb7e828a4f69c1a) Importer(815301076,1909f56bfc062723c751e8b465ee728b)
Start importing Assets/Prefabs/good_3.prefab using Guid(7216d764ca36aa441bb7e828a4f69c1a) Importer(815301076,1909f56bfc062723c751e8b465ee728b)  -> (artifact id: '2ae35ee585563974a3b991a68114a8c4') in 0.203958 seconds
  Import took 0.209592 seconds .

========================================================================
Received Import Request.
  Time since last request: 6.400064 seconds.
  path: Assets/Prefabs/good_3.prefab
  artifactKey: Guid(7216d764ca36aa441bb7e828a4f69c1a) Importer(815301076,1909f56bfc062723c751e8b465ee728b)
Start importing Assets/Prefabs/good_3.prefab using Guid(7216d764ca36aa441bb7e828a4f69c1a) Importer(815301076,1909f56bfc062723c751e8b465ee728b)  -> (artifact id: '2ae35ee585563974a3b991a68114a8c4') in 0.030423 seconds
  Import took 0.036211 seconds .

========================================================================
Received Prepare
Registering precompiled user dll's ...
Registered in 0.013753 seconds.
Begin MonoManager ReloadAssembly
Native extension for WindowsStandalone target not found
Refreshing native plugins compatible for Editor in 0.68 ms, found 0 plugins.
Preloading 0 native plugins for Editor in 0.00 ms.
Invoked RoslynAnalysisRunner static constructor.
RoslynAnalysisRunner will not be running.
RoslynAnalysisRunner has terminated.
Mono: successfully reloaded assembly
- Completed reload, in  2.677 seconds
Platform modules already initialized, skipping
Refreshing native plugins compatible for Editor in 0.69 ms, found 0 plugins.
Preloading 0 native plugins for Editor in 0.00 ms.
Unloading 1111 Unused Serialized files (Serialized files now loaded: 0)
System memory in use before: 60.2 MB.
System memory in use after: 60.3 MB.

Unloading 11 unused Assets to reduce memory usage. Loaded Objects now: 1576.
Total: 4.018000 ms (FindLiveObjects: 0.312000 ms CreateObjectMapping: 0.062200 ms MarkObjects: 3.496600 ms  DeleteObjects: 0.144900 ms)

========================================================================
Received Import Request.
  Time since last request: 29.889099 seconds.
  path: Assets/Prefabs/good_3.prefab
  artifactKey: Guid(7216d764ca36aa441bb7e828a4f69c1a) Importer(815301076,1909f56bfc062723c751e8b465ee728b)
Start importing Assets/Prefabs/good_3.prefab using Guid(7216d764ca36aa441bb7e828a4f69c1a) Importer(815301076,1909f56bfc062723c751e8b465ee728b)  -> (artifact id: '7f94e137a7df5c41f5ebe8c9592219fa') in 0.170887 seconds
  Import took 0.176080 seconds .

========================================================================
Received Import Request.
  Time since last request: 3.791267 seconds.
  path: Assets/Prefabs/good_1.prefab
  artifactKey: Guid(7445bfc1f1a09ef4a8cd65778a51a3e8) Importer(815301076,1909f56bfc062723c751e8b465ee728b)
Start importing Assets/Prefabs/good_1.prefab using Guid(7445bfc1f1a09ef4a8cd65778a51a3e8) Importer(815301076,1909f56bfc062723c751e8b465ee728b)  -> (artifact id: 'cca541c5f51db1a97914492e3a0cf233') in 0.037007 seconds
  Import took 0.041936 seconds .

========================================================================
Received Import Request.
  Time since last request: 0.028615 seconds.
  path: Assets/Prefabs/good_1.prefab
  artifactKey: Guid(7445bfc1f1a09ef4a8cd65778a51a3e8) Importer(815301076,1909f56bfc062723c751e8b465ee728b)
Start importing Assets/Prefabs/good_1.prefab using Guid(7445bfc1f1a09ef4a8cd65778a51a3e8) Importer(815301076,1909f56bfc062723c751e8b465ee728b)  -> (artifact id: 'cca541c5f51db1a97914492e3a0cf233') in 0.071883 seconds
  Import took 0.077522 seconds .

========================================================================
Received Import Request.
  Time since last request: 0.536691 seconds.
  path: Assets/Prefabs/good_1.prefab
  artifactKey: Guid(7445bfc1f1a09ef4a8cd65778a51a3e8) Importer(815301076,1909f56bfc062723c751e8b465ee728b)
Start importing Assets/Prefabs/good_1.prefab using Guid(7445bfc1f1a09ef4a8cd65778a51a3e8) Importer(815301076,1909f56bfc062723c751e8b465ee728b)  -> (artifact id: '08ba3276dc9868ee716b825facab7525') in 0.033931 seconds
  Import took 0.039996 seconds .

========================================================================
Received Import Request.
  Time since last request: 0.021892 seconds.
  path: Assets/Prefabs/good_1.prefab
  artifactKey: Guid(7445bfc1f1a09ef4a8cd65778a51a3e8) Importer(815301076,1909f56bfc062723c751e8b465ee728b)
Start importing Assets/Prefabs/good_1.prefab using Guid(7445bfc1f1a09ef4a8cd65778a51a3e8) Importer(815301076,1909f56bfc062723c751e8b465ee728b)  -> (artifact id: '08ba3276dc9868ee716b825facab7525') in 0.029757 seconds
  Import took 0.035513 seconds .

========================================================================
Received Import Request.
  Time since last request: 1.599493 seconds.
  path: Assets/Prefabs/good_1.prefab
  artifactKey: Guid(7445bfc1f1a09ef4a8cd65778a51a3e8) Importer(815301076,1909f56bfc062723c751e8b465ee728b)
Start importing Assets/Prefabs/good_1.prefab using Guid(7445bfc1f1a09ef4a8cd65778a51a3e8) Importer(815301076,1909f56bfc062723c751e8b465ee728b)  -> (artifact id: '2f67a32c721246933f9d3fda2a62809a') in 0.029914 seconds
  Import took 0.035383 seconds .

========================================================================
Received Import Request.
  Time since last request: 2.321589 seconds.
  path: Assets/Prefabs/good_2.prefab
  artifactKey: Guid(024f6845f3f50f3498d8aaa7bd45b2a6) Importer(815301076,1909f56bfc062723c751e8b465ee728b)
Start importing Assets/Prefabs/good_2.prefab using Guid(024f6845f3f50f3498d8aaa7bd45b2a6) Importer(815301076,1909f56bfc062723c751e8b465ee728b)  -> (artifact id: '5cca22ab66c9f063ddc09e23338193a6') in 0.037876 seconds
  Import took 0.044050 seconds .

========================================================================
Received Import Request.
  Time since last request: 0.030933 seconds.
  path: Assets/Prefabs/good_2.prefab
  artifactKey: Guid(024f6845f3f50f3498d8aaa7bd45b2a6) Importer(815301076,1909f56bfc062723c751e8b465ee728b)
Start importing Assets/Prefabs/good_2.prefab using Guid(024f6845f3f50f3498d8aaa7bd45b2a6) Importer(815301076,1909f56bfc062723c751e8b465ee728b)  -> (artifact id: '5cca22ab66c9f063ddc09e23338193a6') in 0.032882 seconds
  Import took 0.039248 seconds .

========================================================================
Received Import Request.
  Time since last request: 0.425046 seconds.
  path: Assets/Prefabs/good_2.prefab
  artifactKey: Guid(024f6845f3f50f3498d8aaa7bd45b2a6) Importer(815301076,1909f56bfc062723c751e8b465ee728b)
Start importing Assets/Prefabs/good_2.prefab using Guid(024f6845f3f50f3498d8aaa7bd45b2a6) Importer(815301076,1909f56bfc062723c751e8b465ee728b)  -> (artifact id: '695dc6e8e5a8ee8040192e41b86e939b') in 0.032156 seconds
  Import took 0.037822 seconds .

========================================================================
Received Import Request.
  Time since last request: 0.037325 seconds.
  path: Assets/Prefabs/good_2.prefab
  artifactKey: Guid(024f6845f3f50f3498d8aaa7bd45b2a6) Importer(815301076,1909f56bfc062723c751e8b465ee728b)
Start importing Assets/Prefabs/good_2.prefab using Guid(024f6845f3f50f3498d8aaa7bd45b2a6) Importer(815301076,1909f56bfc062723c751e8b465ee728b)  -> (artifact id: '695dc6e8e5a8ee8040192e41b86e939b') in 0.027872 seconds
  Import took 0.034254 seconds .

========================================================================
Received Import Request.
  Time since last request: 1.646127 seconds.
  path: Assets/Prefabs/good_2.prefab
  artifactKey: Guid(024f6845f3f50f3498d8aaa7bd45b2a6) Importer(815301076,1909f56bfc062723c751e8b465ee728b)
Start importing Assets/Prefabs/good_2.prefab using Guid(024f6845f3f50f3498d8aaa7bd45b2a6) Importer(815301076,1909f56bfc062723c751e8b465ee728b)  -> (artifact id: 'b3c58e9349fa5ed4ed263d18513f2f9e') in 0.030239 seconds
  Import took 0.035992 seconds .

========================================================================
Received Import Request.
  Time since last request: 4.827171 seconds.
  path: Assets/Prefabs/good_4.prefab
  artifactKey: Guid(fbe81cc6c09adaa4fb9c6663badcf8d1) Importer(815301076,1909f56bfc062723c751e8b465ee728b)
Start importing Assets/Prefabs/good_4.prefab using Guid(fbe81cc6c09adaa4fb9c6663badcf8d1) Importer(815301076,1909f56bfc062723c751e8b465ee728b)  -> (artifact id: '791174908edabd9c2915f4edf45cd728') in 0.032604 seconds
  Import took 0.039795 seconds .

========================================================================
Received Import Request.
  Time since last request: 0.026345 seconds.
  path: Assets/Prefabs/good_4.prefab
  artifactKey: Guid(fbe81cc6c09adaa4fb9c6663badcf8d1) Importer(815301076,1909f56bfc062723c751e8b465ee728b)
Start importing Assets/Prefabs/good_4.prefab using Guid(fbe81cc6c09adaa4fb9c6663badcf8d1) Importer(815301076,1909f56bfc062723c751e8b465ee728b)  -> (artifact id: '791174908edabd9c2915f4edf45cd728') in 0.029038 seconds
  Import took 0.035818 seconds .

========================================================================
Received Import Request.
  Time since last request: 0.293905 seconds.
  path: Assets/Prefabs/good_4.prefab
  artifactKey: Guid(fbe81cc6c09adaa4fb9c6663badcf8d1) Importer(815301076,1909f56bfc062723c751e8b465ee728b)
Start importing Assets/Prefabs/good_4.prefab using Guid(fbe81cc6c09adaa4fb9c6663badcf8d1) Importer(815301076,1909f56bfc062723c751e8b465ee728b)  -> (artifact id: '908b3fd9735e4f3fb3e75f0900c3c4b7') in 0.028639 seconds
  Import took 0.033534 seconds .

========================================================================
Received Import Request.
  Time since last request: 0.025295 seconds.
  path: Assets/Prefabs/good_4.prefab
  artifactKey: Guid(fbe81cc6c09adaa4fb9c6663badcf8d1) Importer(815301076,1909f56bfc062723c751e8b465ee728b)
Start importing Assets/Prefabs/good_4.prefab using Guid(fbe81cc6c09adaa4fb9c6663badcf8d1) Importer(815301076,1909f56bfc062723c751e8b465ee728b)  -> (artifact id: '908b3fd9735e4f3fb3e75f0900c3c4b7') in 0.029866 seconds
  Import took 0.036075 seconds .

========================================================================
Received Import Request.
  Time since last request: 1.404182 seconds.
  path: Assets/Prefabs/good_4.prefab
  artifactKey: Guid(fbe81cc6c09adaa4fb9c6663badcf8d1) Importer(815301076,1909f56bfc062723c751e8b465ee728b)
Start importing Assets/Prefabs/good_4.prefab using Guid(fbe81cc6c09adaa4fb9c6663badcf8d1) Importer(815301076,1909f56bfc062723c751e8b465ee728b)  -> (artifact id: '3adedd265ac7df00d026b2db026b884e') in 0.030724 seconds
  Import took 0.036751 seconds .

========================================================================
Received Import Request.
  Time since last request: 0.027904 seconds.
  path: Assets/Prefabs/good_4.prefab
  artifactKey: Guid(fbe81cc6c09adaa4fb9c6663badcf8d1) Importer(815301076,1909f56bfc062723c751e8b465ee728b)
Start importing Assets/Prefabs/good_4.prefab using Guid(fbe81cc6c09adaa4fb9c6663badcf8d1) Importer(815301076,1909f56bfc062723c751e8b465ee728b)  -> (artifact id: '3adedd265ac7df00d026b2db026b884e') in 0.033604 seconds
  Import took 0.039006 seconds .

========================================================================
Received Prepare
Registering precompiled user dll's ...
Registered in 0.012229 seconds.
Begin MonoManager ReloadAssembly
Native extension for WindowsStandalone target not found
Refreshing native plugins compatible for Editor in 1.00 ms, found 0 plugins.
Preloading 0 native plugins for Editor in 0.00 ms.
Invoked RoslynAnalysisRunner static constructor.
RoslynAnalysisRunner will not be running.
RoslynAnalysisRunner has terminated.
Mono: successfully reloaded assembly
- Completed reload, in  3.222 seconds
Platform modules already initialized, skipping
Refreshing native plugins compatible for Editor in 0.65 ms, found 0 plugins.
Preloading 0 native plugins for Editor in 0.00 ms.
Unloading 1111 Unused Serialized files (Serialized files now loaded: 0)
System memory in use before: 60.2 MB.
System memory in use after: 60.3 MB.

Unloading 11 unused Assets to reduce memory usage. Loaded Objects now: 1579.
Total: 4.709500 ms (FindLiveObjects: 0.372600 ms CreateObjectMapping: 0.078400 ms MarkObjects: 4.093500 ms  DeleteObjects: 0.161100 ms)

========================================================================
Received Import Request.
  Time since last request: 2556.618397 seconds.
  path: Assets/Course Library/Fonts/Baloo_Chettan/BalooChettan-Regular SDF.asset
  artifactKey: Guid(31706cb8c8e1e4d99bb4d0a39c952ca2) Importer(815301076,1909f56bfc062723c751e8b465ee728b)
Start importing Assets/Course Library/Fonts/Baloo_Chettan/BalooChettan-Regular SDF.asset using Guid(31706cb8c8e1e4d99bb4d0a39c952ca2) Importer(815301076,1909f56bfc062723c751e8b465ee728b) Shader 'TextMeshPro/Distance Field': fallback shader 'TextMeshPro/Mobile/Distance Field' not found
 -> (artifact id: '399a9fa9a72b94dcefc9e446fbadfc8c') in 0.403001 seconds
  Import took 0.455249 seconds .

========================================================================
Received Import Request.
  Time since last request: 0.000392 seconds.
  path: Assets/Course Library/Fonts/Exo_2/Exo2-Medium.ttf
  artifactKey: Guid(2166c536fb3f3437a84ed2e583f883ef) Importer(815301076,1909f56bfc062723c751e8b465ee728b)
Start importing Assets/Course Library/Fonts/Exo_2/Exo2-Medium.ttf using Guid(2166c536fb3f3437a84ed2e583f883ef) Importer(815301076,1909f56bfc062723c751e8b465ee728b)  -> (artifact id: '853bf3144cda694e4e83fc2ba17303ca') in 0.128425 seconds
  Import took 0.131365 seconds .

========================================================================
Received Import Request.
  Time since last request: 0.000438 seconds.
  path: Assets/Course Library/_Source_Files/Textures/Emissive_01.png
  artifactKey: Guid(ed8c76cfaa7f4f04da86bd288543e61c) Importer(815301076,1909f56bfc062723c751e8b465ee728b)
Start importing Assets/Course Library/_Source_Files/Textures/Emissive_01.png using Guid(ed8c76cfaa7f4f04da86bd288543e61c) Importer(815301076,1909f56bfc062723c751e8b465ee728b)  -> (artifact id: 'd7a916fc19d77cbf19eef080148254ec') in 0.328495 seconds
  Import took 0.331492 seconds .

========================================================================
Received Import Request.
  Time since last request: 0.000409 seconds.
  path: Assets/Course Library/Fonts/Exo_2/Exo2-SemiBold SDF.asset
  artifactKey: Guid(8887514be60924b0ba1319bd10d63d0f) Importer(815301076,1909f56bfc062723c751e8b465ee728b)
Start importing Assets/Course Library/Fonts/Exo_2/Exo2-SemiBold SDF.asset using Guid(8887514be60924b0ba1319bd10d63d0f) Importer(815301076,1909f56bfc062723c751e8b465ee728b) Shader 'TextMeshPro/Distance Field': fallback shader 'TextMeshPro/Mobile/Distance Field' not found
 -> (artifact id: 'eab66f9ce5a7e9cb9c9c604809a29b98') in 0.033074 seconds
  Import took 0.036093 seconds .

========================================================================
Received Import Request.
  Time since last request: 0.000361 seconds.
  path: Assets/Course Library/Fonts/Exo_2/Exo2-LightItalic.ttf
  artifactKey: Guid(d59e3c5d1247c45f0b70680dc868ed9d) Importer(815301076,1909f56bfc062723c751e8b465ee728b)
Start importing Assets/Course Library/Fonts/Exo_2/Exo2-LightItalic.ttf using Guid(d59e3c5d1247c45f0b70680dc868ed9d) Importer(815301076,1909f56bfc062723c751e8b465ee728b)  -> (artifact id: '23f966a513d52244f8ecf67cb1354acb') in 0.018370 seconds
  Import took 0.021537 seconds .

========================================================================
Received Import Request.
  Time since last request: 0.000378 seconds.
  path: Assets/TextMesh Pro/Sprites/EmojiOne.png
  artifactKey: Guid(dffef66376be4fa480fb02b19edbe903) Importer(815301076,1909f56bfc062723c751e8b465ee728b)
Start importing Assets/TextMesh Pro/Sprites/EmojiOne.png using Guid(dffef66376be4fa480fb02b19edbe903) Importer(815301076,1909f56bfc062723c751e8b465ee728b)  -> (artifact id: 'c4031c6c386f10ee5e4a8018202b327d') in 0.015406 seconds
  Import took 0.018241 seconds .

========================================================================
Received Import Request.
  Time since last request: 0.000505 seconds.
  path: Assets/Course Library/Fonts/Exo_2/Exo2-Light.ttf
  artifactKey: Guid(b26e90a68ded1405f850d9355a62719d) Importer(815301076,1909f56bfc062723c751e8b465ee728b)
Start importing Assets/Course Library/Fonts/Exo_2/Exo2-Light.ttf using Guid(b26e90a68ded1405f850d9355a62719d) Importer(815301076,1909f56bfc062723c751e8b465ee728b)  -> (artifact id: '3fcb0964c3fe0bde55cb5ca2bacebb50') in 0.021849 seconds
  Import took 0.025495 seconds .

========================================================================
Received Import Request.
  Time since last request: 0.000396 seconds.
  path: Assets/Course Library/Fonts/Exo_2/Exo2-Italic.ttf
  artifactKey: Guid(2fe316b95071344fcb82c0a08cbd4e52) Importer(815301076,1909f56bfc062723c751e8b465ee728b)
Start importing Assets/Course Library/Fonts/Exo_2/Exo2-Italic.ttf using Guid(2fe316b95071344fcb82c0a08cbd4e52) Importer(815301076,1909f56bfc062723c751e8b465ee728b)  -> (artifact id: 'fcdb7fbfb7a578177ad2e084bc0cb922') in 0.018891 seconds
  Import took 0.021871 seconds .

========================================================================
Received Prepare
Registering precompiled user dll's ...
Registered in 0.005849 seconds.
Begin MonoManager ReloadAssembly
Native extension for WindowsStandalone target not found
Refreshing native plugins compatible for Editor in 0.39 ms, found 0 plugins.
Preloading 0 native plugins for Editor in 0.00 ms.
Invoked RoslynAnalysisRunner static constructor.
RoslynAnalysisRunner will not be running.
RoslynAnalysisRunner has terminated.
Mono: successfully reloaded assembly
- Completed reload, in  1.586 seconds
Platform modules already initialized, skipping
Refreshing native plugins compatible for Editor in 0.53 ms, found 0 plugins.
Preloading 0 native plugins for Editor in 0.00 ms.
Unloading 1124 Unused Serialized files (Serialized files now loaded: 0)
System memory in use before: 62.4 MB.
System memory in use after: 61.9 MB.

Unloading 22 unused Assets to reduce memory usage. Loaded Objects now: 1622.
Total: 4.129500 ms (FindLiveObjects: 0.363200 ms CreateObjectMapping: 0.086700 ms MarkObjects: 3.150000 ms  DeleteObjects: 0.527000 ms)

========================================================================
Received Prepare
Registering precompiled user dll's ...
Registered in 0.008439 seconds.
Begin MonoManager ReloadAssembly
Native extension for WindowsStandalone target not found
Refreshing native plugins compatible for Editor in 0.61 ms, found 0 plugins.
Preloading 0 native plugins for Editor in 0.00 ms.
Invoked RoslynAnalysisRunner static constructor.
RoslynAnalysisRunner will not be running.
RoslynAnalysisRunner has terminated.
Mono: successfully reloaded assembly
- Completed reload, in  1.913 seconds
Platform modules already initialized, skipping
Refreshing native plugins compatible for Editor in 0.61 ms, found 0 plugins.
Preloading 0 native plugins for Editor in 0.00 ms.
Unloading 1122 Unused Serialized files (Serialized files now loaded: 0)
System memory in use before: 62.2 MB.
System memory in use after: 61.8 MB.

Unloading 22 unused Assets to reduce memory usage. Loaded Objects now: 1624.
Total: 3.718600 ms (FindLiveObjects: 0.293300 ms CreateObjectMapping: 0.070700 ms MarkObjects: 2.797400 ms  DeleteObjects: 0.554700 ms)

========================================================================
Received Prepare
Registering precompiled user dll's ...
Registered in 0.005818 seconds.
Begin MonoManager ReloadAssembly
Native extension for WindowsStandalone target not found
Refreshing native plugins compatible for Editor in 0.56 ms, found 0 plugins.
Preloading 0 native plugins for Editor in 0.00 ms.
Invoked RoslynAnalysisRunner static constructor.
RoslynAnalysisRunner will not be running.
RoslynAnalysisRunner has terminated.
Mono: successfully reloaded assembly
- Completed reload, in  1.754 seconds
Platform modules already initialized, skipping
Refreshing native plugins compatible for Editor in 0.49 ms, found 0 plugins.
Preloading 0 native plugins for Editor in 0.00 ms.
Unloading 1122 Unused Serialized files (Serialized files now loaded: 0)
System memory in use before: 62.2 MB.
System memory in use after: 61.8 MB.

Unloading 22 unused Assets to reduce memory usage. Loaded Objects now: 1626.
Total: 3.346200 ms (FindLiveObjects: 0.416900 ms CreateObjectMapping: 0.144300 ms MarkObjects: 2.358300 ms  DeleteObjects: 0.424200 ms)

========================================================================
Received Import Request.
  Time since last request: 3417.227228 seconds.
  path: Assets/TextMesh Pro
  artifactKey: Guid(f54d1bd14bd3ca042bd867b519fee8cc) Importer(815301076,1909f56bfc062723c751e8b465ee728b)
Start importing Assets/TextMesh Pro using Guid(f54d1bd14bd3ca042bd867b519fee8cc) Importer(815301076,1909f56bfc062723c751e8b465ee728b)  -> (artifact id: '5e7a35b20df66958a2dfa0bec82de609') in 0.038435 seconds
  Import took 0.051860 seconds .

========================================================================
Received Import Request.
  Time since last request: 0.002663 seconds.
  path: Assets/TextMesh Pro
  artifactKey: Guid(f54d1bd14bd3ca042bd867b519fee8cc) Importer(815301076,1909f56bfc062723c751e8b465ee728b)
Start importing Assets/TextMesh Pro using Guid(f54d1bd14bd3ca042bd867b519fee8cc) Importer(815301076,1909f56bfc062723c751e8b465ee728b)  -> (artifact id: '5e7a35b20df66958a2dfa0bec82de609') in 0.010774 seconds
  Import took 0.015760 seconds .

========================================================================
Received Import Request.
  Time since last request: 38.473223 seconds.
  path: Assets/Fonts
  artifactKey: Guid(af65cd63ec8c71c4f98042e7e5314e46) Importer(815301076,1909f56bfc062723c751e8b465ee728b)
Start importing Assets/Fonts using Guid(af65cd63ec8c71c4f98042e7e5314e46) Importer(815301076,1909f56bfc062723c751e8b465ee728b)  -> (artifact id: '7598f6c4fcd157c6090a52724233b8f0') in 0.010193 seconds
  Import took 0.015572 seconds .

========================================================================
Received Import Request.
  Time since last request: 73.786451 seconds.
  path: Assets/Fonts/Super Mario Bros..ttf
  artifactKey: Guid(d29283499340f6c419c47814f1e70a13) Importer(815301076,1909f56bfc062723c751e8b465ee728b)
Start importing Assets/Fonts/Super Mario Bros..ttf using Guid(d29283499340f6c419c47814f1e70a13) Importer(815301076,1909f56bfc062723c751e8b465ee728b)  -> (artifact id: '2ddb34db5b5cb8fcb602585428f64023') in 0.268066 seconds
  Import took 0.273293 seconds .

========================================================================
Received Import Request.
  Time since last request: 392.533709 seconds.
  path: Assets/Fonts/TextMeshPro
  artifactKey: Guid(d2d50c575e40bb64490bef75963eb171) Importer(815301076,1909f56bfc062723c751e8b465ee728b)
Start importing Assets/Fonts/TextMeshPro using Guid(d2d50c575e40bb64490bef75963eb171) Importer(815301076,1909f56bfc062723c751e8b465ee728b)  -> (artifact id: '339e07ed15bc2b03feb96da22a43f776') in 0.014090 seconds
  Import took 0.019020 seconds .

========================================================================
Received Import Request.
  Time since last request: 0.117766 seconds.
  path: Assets/Fonts/TextMeshPro/Super Mario Bros.asset
  artifactKey: Guid(1859824af2d1e374882f0fc6282826a1) Importer(815301076,1909f56bfc062723c751e8b465ee728b)
Start importing Assets/Fonts/TextMeshPro/Super Mario Bros.asset using Guid(1859824af2d1e374882f0fc6282826a1) Importer(815301076,1909f56bfc062723c751e8b465ee728b)  -> (artifact id: '447394498caea5573951598c7566ec3e') in 0.828036 seconds
  Import took 0.835497 seconds .

========================================================================
Received Import Request.
  Time since last request: 28.497130 seconds.
  path: Assets/Fonts/TextMeshPro/Super Mario Bros.asset
  artifactKey: Guid(1859824af2d1e374882f0fc6282826a1) Importer(815301076,1909f56bfc062723c751e8b465ee728b)
Start importing Assets/Fonts/TextMeshPro/Super Mario Bros.asset using Guid(1859824af2d1e374882f0fc6282826a1) Importer(815301076,1909f56bfc062723c751e8b465ee728b)  -> (artifact id: '57d7228d13a0eaa6bd71afaf40d4d99d') in 0.751204 seconds
  Import took 0.760047 seconds .

========================================================================
Received Import Request.
  Time since last request: 360.163252 seconds.
  path: Assets/Fonts/04B_30__.TTF
  artifactKey: Guid(b82bcf9d797a49442a8a748958a7c51c) Importer(815301076,1909f56bfc062723c751e8b465ee728b)
Start importing Assets/Fonts/04B_30__.TTF using Guid(b82bcf9d797a49442a8a748958a7c51c) Importer(815301076,1909f56bfc062723c751e8b465ee728b)  -> (artifact id: 'a697978cea1e2768e5a86ae6344b633b') in 0.046239 seconds
  Import took 0.051892 seconds .

========================================================================
Received Import Request.
  Time since last request: 38.994972 seconds.
  path: Assets/Fonts/TextMeshPro/04B_30__ SDF.asset
  artifactKey: Guid(4e4dd7db876e5544abc105ded9b944b6) Importer(815301076,1909f56bfc062723c751e8b465ee728b)
Start importing Assets/Fonts/TextMeshPro/04B_30__ SDF.asset using Guid(4e4dd7db876e5544abc105ded9b944b6) Importer(815301076,1909f56bfc062723c751e8b465ee728b)  -> (artifact id: 'ed877acbfaef3ee742a2fbb42675254b') in 0.584940 seconds
  Import took 0.593318 seconds .

========================================================================
Received Import Request.
  Time since last request: 28.496013 seconds.
  path: Assets/Fonts/TextMeshPro/04B_30__ SDF.asset
  artifactKey: Guid(4e4dd7db876e5544abc105ded9b944b6) Importer(815301076,1909f56bfc062723c751e8b465ee728b)
Start importing Assets/Fonts/TextMeshPro/04B_30__ SDF.asset using Guid(4e4dd7db876e5544abc105ded9b944b6) Importer(815301076,1909f56bfc062723c751e8b465ee728b)  -> (artifact id: '87f2c494fd742c87d2a74fc7ed5d0079') in 0.687821 seconds
  Import took 0.697530 seconds .

========================================================================
Received Import Request.
  Time since last request: 7.124679 seconds.
  path: Assets/Course Library/Fonts/Baloo_Chettan/BalooChettan-Regular.ttf
  artifactKey: Guid(1de092811748445db9e4b7597a8204d1) Importer(815301076,1909f56bfc062723c751e8b465ee728b)
Start importing Assets/Course Library/Fonts/Baloo_Chettan/BalooChettan-Regular.ttf using Guid(1de092811748445db9e4b7597a8204d1) Importer(815301076,1909f56bfc062723c751e8b465ee728b)  -> (artifact id: '83f6574cfc9cdf6cde812aa6eed75dd3') in 0.049771 seconds
  Import took 0.055439 seconds .

========================================================================
Received Import Request.
  Time since last request: 0.000653 seconds.
  path: Assets/Course Library/Fonts/Exo_2/Exo2-BoldItalic.ttf
  artifactKey: Guid(469c60c6a518d45998bad6aef256137b) Importer(815301076,1909f56bfc062723c751e8b465ee728b)
Start importing Assets/Course Library/Fonts/Exo_2/Exo2-BoldItalic.ttf using Guid(469c60c6a518d45998bad6aef256137b) Importer(815301076,1909f56bfc062723c751e8b465ee728b)  -> (artifact id: 'e97800f861df6e339ea637ad0b2fecd7') in 0.045232 seconds
  Import took 0.050643 seconds .

========================================================================
Received Import Request.
  Time since last request: 0.000622 seconds.
  path: Assets/Course Library/Fonts/Exo_2/Exo2-ExtraBoldItalic.ttf
  artifactKey: Guid(ad3f5403e751f4b52afb38e1ac599222) Importer(815301076,1909f56bfc062723c751e8b465ee728b)
Start importing Assets/Course Library/Fonts/Exo_2/Exo2-ExtraBoldItalic.ttf using Guid(ad3f5403e751f4b52afb38e1ac599222) Importer(815301076,1909f56bfc062723c751e8b465ee728b)  -> (artifact id: '9971e33161e1f88d3375c632d57b20de') in 0.029630 seconds
  Import took 0.036596 seconds .

========================================================================
Received Import Request.
  Time since last request: 0.000613 seconds.
  path: Assets/Course Library/Fonts/Exo_2/Exo2-ExtraBold.ttf
  artifactKey: Guid(c63f048853a014829868fe9c11f00717) Importer(815301076,1909f56bfc062723c751e8b465ee728b)
Start importing Assets/Course Library/Fonts/Exo_2/Exo2-ExtraBold.ttf using Guid(c63f048853a014829868fe9c11f00717) Importer(815301076,1909f56bfc062723c751e8b465ee728b)  -> (artifact id: 'c23f39492b12d964c61bf118b6391b59') in 0.029814 seconds
  Import took 0.036811 seconds .

========================================================================
Received Import Request.
  Time since last request: 0.000687 seconds.
  path: Assets/Course Library/Fonts/Baloo_Chettan/BalooChettan-Regular.ttf
  artifactKey: Guid(1de092811748445db9e4b7597a8204d1) Importer(815301076,1909f56bfc062723c751e8b465ee728b)
Start importing Assets/Course Library/Fonts/Baloo_Chettan/BalooChettan-Regular.ttf using Guid(1de092811748445db9e4b7597a8204d1) Importer(815301076,1909f56bfc062723c751e8b465ee728b)  -> (artifact id: '83f6574cfc9cdf6cde812aa6eed75dd3') in 0.038853 seconds
  Import took 0.044686 seconds .

========================================================================
Received Import Request.
  Time since last request: 0.000604 seconds.
  path: Assets/Course Library/Fonts/Exo_2/Exo2-Black.ttf
  artifactKey: Guid(90adcf7050c104cb0aa8fd30a2e49191) Importer(815301076,1909f56bfc062723c751e8b465ee728b)
Start importing Assets/Course Library/Fonts/Exo_2/Exo2-Black.ttf using Guid(90adcf7050c104cb0aa8fd30a2e49191) Importer(815301076,1909f56bfc062723c751e8b465ee728b)  -> (artifact id: 'e08aa3177e8e4309a3864a839c8a69f1') in 0.031466 seconds
  Import took 0.036484 seconds .

========================================================================
Received Import Request.
  Time since last request: 0.000711 seconds.
  path: Assets/Course Library/Fonts/Exo_2/Exo2-Bold.ttf
  artifactKey: Guid(adcd00801f52c472c9b3615a7750a527) Importer(815301076,1909f56bfc062723c751e8b465ee728b)
Start importing Assets/Course Library/Fonts/Exo_2/Exo2-Bold.ttf using Guid(adcd00801f52c472c9b3615a7750a527) Importer(815301076,1909f56bfc062723c751e8b465ee728b)  -> (artifact id: '6823650e84a4a1a336937088b75b2b81') in 0.028698 seconds
  Import took 0.035173 seconds .

========================================================================
Received Import Request.
  Time since last request: 0.000634 seconds.
  path: Assets/Course Library/Fonts/Exo_2/Exo2-BlackItalic.ttf
  artifactKey: Guid(68916e4daa1d34344adef559f22fcf2b) Importer(815301076,1909f56bfc062723c751e8b465ee728b)
Start importing Assets/Course Library/Fonts/Exo_2/Exo2-BlackItalic.ttf using Guid(68916e4daa1d34344adef559f22fcf2b) Importer(815301076,1909f56bfc062723c751e8b465ee728b)  -> (artifact id: 'e794cfece7942b6f54622cbe50fce7b1') in 0.031602 seconds
  Import took 0.036763 seconds .

========================================================================
Received Prepare
Registering precompiled user dll's ...
Registered in 0.012201 seconds.
Begin MonoManager ReloadAssembly
Native extension for WindowsStandalone target not found
Refreshing native plugins compatible for Editor in 0.44 ms, found 0 plugins.
Preloading 0 native plugins for Editor in 0.00 ms.
Invoked RoslynAnalysisRunner static constructor.
RoslynAnalysisRunner will not be running.
RoslynAnalysisRunner has terminated.
Mono: successfully reloaded assembly
- Completed reload, in  1.847 seconds
Platform modules already initialized, skipping
Refreshing native plugins compatible for Editor in 0.36 ms, found 0 plugins.
Preloading 0 native plugins for Editor in 0.00 ms.
Unloading 1123 Unused Serialized files (Serialized files now loaded: 0)
System memory in use before: 62.3 MB.
System memory in use after: 61.9 MB.

Unloading 22 unused Assets to reduce memory usage. Loaded Objects now: 1631.
Total: 2.535400 ms (FindLiveObjects: 0.206400 ms CreateObjectMapping: 0.031200 ms MarkObjects: 1.876400 ms  DeleteObjects: 0.420000 ms)

========================================================================
Received Import Request.
  Time since last request: 1042.108193 seconds.
  path: Assets/Fonts/TextMeshPro/04B_30__ SDF.asset
  artifactKey: Guid(4e4dd7db876e5544abc105ded9b944b6) Importer(815301076,1909f56bfc062723c751e8b465ee728b)
Start importing Assets/Fonts/TextMeshPro/04B_30__ SDF.asset using Guid(4e4dd7db876e5544abc105ded9b944b6) Importer(815301076,1909f56bfc062723c751e8b465ee728b)  -> (artifact id: '987ec88f9ed636cf4e5afe59b79e4569') in 0.217643 seconds
  Import took 0.221521 seconds .

========================================================================
Received Import Request.
  Time since last request: 10.680845 seconds.
  path: Assets/Fonts/TextMeshPro/04B_30__ SDF.asset
  artifactKey: Guid(4e4dd7db876e5544abc105ded9b944b6) Importer(815301076,1909f56bfc062723c751e8b465ee728b)
Start importing Assets/Fonts/TextMeshPro/04B_30__ SDF.asset using Guid(4e4dd7db876e5544abc105ded9b944b6) Importer(815301076,1909f56bfc062723c751e8b465ee728b)  -> (artifact id: '9f2777c12a6fae7a74b3fb6b531c25c9') in 0.053323 seconds
  Import took 0.056437 seconds .

========================================================================
Received Prepare
Registering precompiled user dll's ...
Registered in 0.006585 seconds.
Begin MonoManager ReloadAssembly
Native extension for WindowsStandalone target not found
Refreshing native plugins compatible for Editor in 0.51 ms, found 0 plugins.
Preloading 0 native plugins for Editor in 0.00 ms.
Invoked RoslynAnalysisRunner static constructor.
RoslynAnalysisRunner will not be running.
RoslynAnalysisRunner has terminated.
Mono: successfully reloaded assembly
- Completed reload, in  1.445 seconds
Platform modules already initialized, skipping
Refreshing native plugins compatible for Editor in 0.39 ms, found 0 plugins.
Preloading 0 native plugins for Editor in 0.00 ms.
Unloading 1123 Unused Serialized files (Serialized files now loaded: 0)
System memory in use before: 62.3 MB.
System memory in use after: 61.9 MB.

Unloading 22 unused Assets to reduce memory usage. Loaded Objects now: 1635.
Total: 3.118000 ms (FindLiveObjects: 0.204100 ms CreateObjectMapping: 0.035700 ms MarkObjects: 2.374800 ms  DeleteObjects: 0.501400 ms)

========================================================================
Received Import Request.
  Time since last request: 67.644722 seconds.
  path: Assets/Fonts/TextMeshPro/04B_30__ SDF.asset
  artifactKey: Guid(4e4dd7db876e5544abc105ded9b944b6) Importer(815301076,1909f56bfc062723c751e8b465ee728b)
Start importing Assets/Fonts/TextMeshPro/04B_30__ SDF.asset using Guid(4e4dd7db876e5544abc105ded9b944b6) Importer(815301076,1909f56bfc062723c751e8b465ee728b)  -> (artifact id: '6e97faee1a6a5374829747a8f65d1067') in 0.169886 seconds
  Import took 0.173092 seconds .

========================================================================
Received Import Request.
  Time since last request: 0.000400 seconds.
  path: Assets/Fonts/TextMeshPro/Super Mario Bros.asset
  artifactKey: Guid(1859824af2d1e374882f0fc6282826a1) Importer(815301076,1909f56bfc062723c751e8b465ee728b)
Start importing Assets/Fonts/TextMeshPro/Super Mario Bros.asset using Guid(1859824af2d1e374882f0fc6282826a1) Importer(815301076,1909f56bfc062723c751e8b465ee728b)  -> (artifact id: '4ff7eca0af743aa6e81458086ef8ad1c') in 0.051268 seconds
  Import took 0.055168 seconds .

========================================================================
Received Import Request.
  Time since last request: 76.308280 seconds.
  path: Assets/Fonts/TextMeshPro/04B_30__ SDF.asset
  artifactKey: Guid(4e4dd7db876e5544abc105ded9b944b6) Importer(815301076,1909f56bfc062723c751e8b465ee728b)
Start importing Assets/Fonts/TextMeshPro/04B_30__ SDF.asset using Guid(4e4dd7db876e5544abc105ded9b944b6) Importer(815301076,1909f56bfc062723c751e8b465ee728b)  -> (artifact id: 'c0b4f7efccdd59b0332b7c2381813c94') in 0.069790 seconds
  Import took 0.073066 seconds .

========================================================================
Received Import Request.
  Time since last request: 0.000422 seconds.
  path: Assets/Fonts/TextMeshPro/Super Mario Bros.asset
  artifactKey: Guid(1859824af2d1e374882f0fc6282826a1) Importer(815301076,1909f56bfc062723c751e8b465ee728b)
Start importing Assets/Fonts/TextMeshPro/Super Mario Bros.asset using Guid(1859824af2d1e374882f0fc6282826a1) Importer(815301076,1909f56bfc062723c751e8b465ee728b)  -> (artifact id: 'f263e796d57a33e3194fb1232f1cda93') in 0.049555 seconds
  Import took 0.052735 seconds .

========================================================================
Received Import Request.
  Time since last request: 274.218775 seconds.
  path: Assets/Fonts/TextMeshPro/04B_30__ SDF.asset
  artifactKey: Guid(4e4dd7db876e5544abc105ded9b944b6) Importer(815301076,1909f56bfc062723c751e8b465ee728b)
Start importing Assets/Fonts/TextMeshPro/04B_30__ SDF.asset using Guid(4e4dd7db876e5544abc105ded9b944b6) Importer(815301076,1909f56bfc062723c751e8b465ee728b)  -> (artifact id: '9970875eca884097f7adac88713b7d3a') in 0.076885 seconds
  Import took 0.080820 seconds .

AssetImportWorkerClient::OnTransportError - code=2 error=End of file
